argc == 7
T : 4 候補区間: 0 --> 2
submodular subsets: 
1, (2) 0 1  end
2, (2) 0 2  end
3, (2) 0 3  end
4, (2) 0 4  end
5, (2) 0 5  end
6, (2) 0 6  end
7, (2) 0 7  end
8, (2) 0 8  end
9, (2) 0 9  end
10, (2) 0 10  end
11, (2) 0 11  end
12, (2) 0 12  end
13, (2) 0 13  end
14, (2) 0 14  end
15, (2) 0 15  end
16, (2) 0 16  end
17, (2) 0 17  end
18, (2) 0 18  end
19, (2) 0 19  end
20, (2) 0 20  end
21, (2) 0 21  end
22, (2) 0 22  end
23, (2) 0 23  end
24, (2) 0 24  end
25, (2) 0 25  end
26, (2) 0 26  end
27, (2) 0 27  end
28, (2) 0 28  end
29, (2) 0 29  end
30, (2) 0 30  end
31, (2) 0 31  end
32, (2) 0 32  end
33, (2) 0 33  end
34, (2) 0 34  end
35, (2) 0 35  end
36, (2) 0 36  end
37, (2) 0 37  end
38, (2) 0 38  end
39, (2) 0 39  end
40, (2) 0 40  end
41, (2) 0 41  end
42, (2) 0 42  end
43, (2) 0 43  end
44, (2) 0 44  end
45, (2) 0 45  end
46, (2) 0 46  end
47, (2) 0 47  end
48, (2) 0 48  end
49, (2) 0 49  end
50, (2) 0 50  end
51, (2) 0 51  end
52, (2) 0 52  end
53, (2) 0 53  end
54, (2) 0 54  end
55, (2) 0 55  end
56, (2) 0 56  end
57, (2) 0 57  end
58, (2) 0 58  end
59, (2) 0 59  end
60, (2) 0 60  end
61, (2) 0 61  end
62, (2) 0 62  end
63, (2) 0 63  end
64, (2) 1 2  end
65, (2) 1 3  end
66, (2) 1 4  end
67, (2) 1 5  end
68, (2) 1 6  end
69, (2) 1 7  end
70, (2) 1 8  end
71, (2) 1 9  end
72, (2) 1 10  end
73, (2) 1 11  end
74, (2) 1 12  end
75, (2) 1 13  end
76, (2) 1 14  end
77, (2) 1 15  end
78, (2) 1 16  end
79, (2) 1 17  end
80, (2) 1 18  end
81, (2) 1 19  end
82, (2) 1 20  end
83, (2) 1 21  end
84, (2) 1 22  end
85, (2) 1 23  end
86, (2) 1 24  end
87, (2) 1 25  end
88, (2) 1 26  end
89, (2) 1 27  end
90, (2) 1 28  end
91, (2) 1 29  end
92, (2) 1 30  end
93, (2) 1 31  end
94, (2) 1 32  end
95, (2) 1 33  end
96, (2) 1 34  end
97, (2) 1 35  end
98, (2) 1 36  end
99, (2) 1 37  end
100, (2) 1 38  end
101, (2) 1 39  end
102, (2) 1 40  end
103, (2) 1 41  end
104, (2) 1 42  end
105, (2) 1 43  end
106, (2) 1 44  end
107, (2) 1 45  end
108, (2) 1 46  end
109, (2) 1 47  end
110, (2) 1 48  end
111, (2) 1 49  end
112, (2) 1 50  end
113, (2) 1 51  end
114, (2) 1 52  end
115, (2) 1 53  end
116, (2) 1 54  end
117, (2) 1 55  end
118, (2) 1 56  end
119, (2) 1 57  end
120, (2) 1 58  end
121, (2) 1 59  end
122, (2) 1 60  end
123, (2) 1 61  end
124, (2) 1 62  end
125, (2) 1 63  end
126, (2) 2 3  end
127, (2) 2 4  end
128, (2) 2 5  end
129, (2) 2 6  end
130, (2) 2 7  end
131, (2) 2 8  end
132, (2) 2 9  end
133, (2) 2 10  end
134, (2) 2 11  end
135, (2) 2 12  end
136, (2) 2 13  end
137, (2) 2 14  end
138, (2) 2 15  end
139, (2) 2 16  end
140, (2) 2 17  end
141, (2) 2 18  end
142, (2) 2 19  end
143, (2) 2 20  end
144, (2) 2 21  end
145, (2) 2 22  end
146, (2) 2 23  end
147, (2) 2 24  end
148, (2) 2 25  end
149, (2) 2 26  end
150, (2) 2 27  end
151, (2) 2 28  end
152, (2) 2 29  end
153, (2) 2 30  end
154, (2) 2 31  end
155, (2) 2 32  end
156, (2) 2 33  end
157, (2) 2 34  end
158, (2) 2 35  end
159, (2) 2 36  end
160, (2) 2 37  end
161, (2) 2 38  end
162, (2) 2 39  end
163, (2) 2 40  end
164, (2) 2 41  end
165, (2) 2 42  end
166, (2) 2 43  end
167, (2) 2 44  end
168, (2) 2 45  end
169, (2) 2 46  end
170, (2) 2 47  end
171, (2) 2 48  end
172, (2) 2 49  end
173, (2) 2 50  end
174, (2) 2 51  end
175, (2) 2 52  end
176, (2) 2 53  end
177, (2) 2 54  end
178, (2) 2 55  end
179, (2) 2 56  end
180, (2) 2 57  end
181, (2) 2 58  end
182, (2) 2 59  end
183, (2) 2 60  end
184, (2) 2 61  end
185, (2) 2 62  end
186, (2) 2 63  end
187, (2) 3 4  end
188, (2) 3 5  end
189, (2) 3 6  end
190, (2) 3 7  end
191, (2) 3 8  end
192, (2) 3 9  end
193, (2) 3 10  end
194, (2) 3 11  end
195, (2) 3 12  end
196, (2) 3 13  end
197, (2) 3 14  end
198, (2) 3 15  end
199, (2) 3 16  end
200, (2) 3 17  end
201, (2) 3 18  end
202, (2) 3 19  end
203, (2) 3 20  end
204, (2) 3 21  end
205, (2) 3 22  end
206, (2) 3 23  end
207, (2) 3 24  end
208, (2) 3 25  end
209, (2) 3 26  end
210, (2) 3 27  end
211, (2) 3 28  end
212, (2) 3 29  end
213, (2) 3 30  end
214, (2) 3 31  end
215, (2) 3 32  end
216, (2) 3 33  end
217, (2) 3 34  end
218, (2) 3 35  end
219, (2) 3 36  end
220, (2) 3 37  end
221, (2) 3 38  end
222, (2) 3 39  end
223, (2) 3 40  end
224, (2) 3 41  end
225, (2) 3 42  end
226, (2) 3 43  end
227, (2) 3 44  end
228, (2) 3 45  end
229, (2) 3 46  end
230, (2) 3 47  end
231, (2) 3 48  end
232, (2) 3 49  end
233, (2) 3 50  end
234, (2) 3 51  end
235, (2) 3 52  end
236, (2) 3 53  end
237, (2) 3 54  end
238, (2) 3 55  end
239, (2) 3 56  end
240, (2) 3 57  end
241, (2) 3 58  end
242, (2) 3 59  end
243, (2) 3 60  end
244, (2) 3 61  end
245, (2) 3 62  end
246, (2) 3 63  end
247, (2) 4 5  end
248, (2) 4 6  end
249, (2) 4 7  end
250, (2) 4 8  end
251, (2) 4 9  end
252, (2) 4 10  end
253, (2) 4 11  end
254, (2) 4 12  end
255, (2) 4 13  end
256, (2) 4 14  end
257, (2) 4 15  end
258, (2) 4 16  end
259, (2) 4 17  end
260, (2) 4 18  end
261, (2) 4 19  end
262, (2) 4 20  end
263, (2) 4 21  end
264, (2) 4 22  end
265, (2) 4 23  end
266, (2) 4 24  end
267, (2) 4 25  end
268, (2) 4 26  end
269, (2) 4 27  end
270, (2) 4 28  end
271, (2) 4 29  end
272, (2) 4 30  end
273, (2) 4 31  end
274, (2) 4 32  end
275, (2) 4 33  end
276, (2) 4 34  end
277, (2) 4 35  end
278, (2) 4 36  end
279, (2) 4 37  end
280, (2) 4 38  end
281, (2) 4 39  end
282, (2) 4 40  end
283, (2) 4 41  end
284, (2) 4 42  end
285, (2) 4 43  end
286, (2) 4 44  end
287, (2) 4 45  end
288, (2) 4 46  end
289, (2) 4 47  end
290, (2) 4 48  end
291, (2) 4 49  end
292, (2) 4 50  end
293, (2) 4 51  end
294, (2) 4 52  end
295, (2) 4 53  end
296, (2) 4 54  end
297, (2) 4 55  end
298, (2) 4 56  end
299, (2) 4 57  end
300, (2) 4 58  end
301, (2) 4 59  end
302, (2) 4 60  end
303, (2) 4 61  end
304, (2) 4 62  end
305, (2) 4 63  end
306, (2) 5 6  end
307, (2) 5 7  end
308, (2) 5 8  end
309, (2) 5 9  end
310, (2) 5 10  end
311, (2) 5 11  end
312, (2) 5 12  end
313, (2) 5 13  end
314, (2) 5 14  end
315, (2) 5 15  end
316, (2) 5 16  end
317, (2) 5 17  end
318, (2) 5 18  end
319, (2) 5 19  end
320, (2) 5 20  end
321, (2) 5 21  end
322, (2) 5 22  end
323, (2) 5 23  end
324, (2) 5 24  end
325, (2) 5 25  end
326, (2) 5 26  end
327, (2) 5 27  end
328, (2) 5 28  end
329, (2) 5 29  end
330, (2) 5 30  end
331, (2) 5 31  end
332, (2) 5 32  end
333, (2) 5 33  end
334, (2) 5 34  end
335, (2) 5 35  end
336, (2) 5 36  end
337, (2) 5 37  end
338, (2) 5 38  end
339, (2) 5 39  end
340, (2) 5 40  end
341, (2) 5 41  end
342, (2) 5 42  end
343, (2) 5 43  end
344, (2) 5 44  end
345, (2) 5 45  end
346, (2) 5 46  end
347, (2) 5 47  end
348, (2) 5 48  end
349, (2) 5 49  end
350, (2) 5 50  end
351, (2) 5 51  end
352, (2) 5 52  end
353, (2) 5 53  end
354, (2) 5 54  end
355, (2) 5 55  end
356, (2) 5 56  end
357, (2) 5 57  end
358, (2) 5 58  end
359, (2) 5 59  end
360, (2) 5 60  end
361, (2) 5 61  end
362, (2) 5 62  end
363, (2) 5 63  end
364, (2) 6 7  end
365, (2) 6 8  end
366, (2) 6 9  end
367, (2) 6 10  end
368, (2) 6 11  end
369, (2) 6 12  end
370, (2) 6 13  end
371, (2) 6 14  end
372, (2) 6 15  end
373, (2) 6 16  end
374, (2) 6 17  end
375, (2) 6 18  end
376, (2) 6 19  end
377, (2) 6 20  end
378, (2) 6 21  end
379, (2) 6 22  end
380, (2) 6 23  end
381, (2) 6 24  end
382, (2) 6 25  end
383, (2) 6 26  end
384, (2) 6 27  end
385, (2) 6 28  end
386, (2) 6 29  end
387, (2) 6 30  end
388, (2) 6 31  end
389, (2) 6 32  end
390, (2) 6 33  end
391, (2) 6 34  end
392, (2) 6 35  end
393, (2) 6 36  end
394, (2) 6 37  end
395, (2) 6 38  end
396, (2) 6 39  end
397, (2) 6 40  end
398, (2) 6 41  end
399, (2) 6 42  end
400, (2) 6 43  end
401, (2) 6 44  end
402, (2) 6 45  end
403, (2) 6 46  end
404, (2) 6 47  end
405, (2) 6 48  end
406, (2) 6 49  end
407, (2) 6 50  end
408, (2) 6 51  end
409, (2) 6 52  end
410, (2) 6 53  end
411, (2) 6 54  end
412, (2) 6 55  end
413, (2) 6 56  end
414, (2) 6 57  end
415, (2) 6 58  end
416, (2) 6 59  end
417, (2) 6 60  end
418, (2) 6 61  end
419, (2) 6 62  end
420, (2) 6 63  end
421, (2) 7 8  end
422, (2) 7 9  end
423, (2) 7 10  end
424, (2) 7 11  end
425, (2) 7 12  end
426, (2) 7 13  end
427, (2) 7 14  end
428, (2) 7 15  end
429, (2) 7 16  end
430, (2) 7 17  end
431, (2) 7 18  end
432, (2) 7 19  end
433, (2) 7 20  end
434, (2) 7 21  end
435, (2) 7 22  end
436, (2) 7 23  end
437, (2) 7 24  end
438, (2) 7 25  end
439, (2) 7 26  end
440, (2) 7 27  end
441, (2) 7 28  end
442, (2) 7 29  end
443, (2) 7 30  end
444, (2) 7 31  end
445, (2) 7 32  end
446, (2) 7 33  end
447, (2) 7 34  end
448, (2) 7 35  end
449, (2) 7 36  end
450, (2) 7 37  end
451, (2) 7 38  end
452, (2) 7 39  end
453, (2) 7 40  end
454, (2) 7 41  end
455, (2) 7 42  end
456, (2) 7 43  end
457, (2) 7 44  end
458, (2) 7 45  end
459, (2) 7 46  end
460, (2) 7 47  end
461, (2) 7 48  end
462, (2) 7 49  end
463, (2) 7 50  end
464, (2) 7 51  end
465, (2) 7 52  end
466, (2) 7 53  end
467, (2) 7 54  end
468, (2) 7 55  end
469, (2) 7 56  end
470, (2) 7 57  end
471, (2) 7 58  end
472, (2) 7 59  end
473, (2) 7 60  end
474, (2) 7 61  end
475, (2) 7 62  end
476, (2) 7 63  end
477, (2) 8 9  end
478, (2) 8 10  end
479, (2) 8 11  end
480, (2) 8 12  end
481, (2) 8 13  end
482, (2) 8 14  end
483, (2) 8 15  end
484, (2) 8 16  end
485, (2) 8 17  end
486, (2) 8 18  end
487, (2) 8 19  end
488, (2) 8 20  end
489, (2) 8 21  end
490, (2) 8 22  end
491, (2) 8 23  end
492, (2) 8 24  end
493, (2) 8 25  end
494, (2) 8 26  end
495, (2) 8 27  end
496, (2) 8 28  end
497, (2) 8 29  end
498, (2) 8 30  end
499, (2) 8 31  end
500, (2) 8 32  end
501, (2) 8 33  end
502, (2) 8 34  end
503, (2) 8 35  end
504, (2) 8 36  end
505, (2) 8 37  end
506, (2) 8 38  end
507, (2) 8 39  end
508, (2) 8 40  end
509, (2) 8 41  end
510, (2) 8 42  end
511, (2) 8 43  end
512, (2) 8 44  end
513, (2) 8 45  end
514, (2) 8 46  end
515, (2) 8 47  end
516, (2) 8 48  end
517, (2) 8 49  end
518, (2) 8 50  end
519, (2) 8 51  end
520, (2) 8 52  end
521, (2) 8 53  end
522, (2) 8 54  end
523, (2) 8 55  end
524, (2) 8 56  end
525, (2) 8 57  end
526, (2) 8 58  end
527, (2) 8 59  end
528, (2) 8 60  end
529, (2) 8 61  end
530, (2) 8 62  end
531, (2) 8 63  end
532, (2) 9 10  end
533, (2) 9 11  end
534, (2) 9 12  end
535, (2) 9 13  end
536, (2) 9 14  end
537, (2) 9 15  end
538, (2) 9 16  end
539, (2) 9 17  end
540, (2) 9 18  end
541, (2) 9 19  end
542, (2) 9 20  end
543, (2) 9 21  end
544, (2) 9 22  end
545, (2) 9 23  end
546, (2) 9 24  end
547, (2) 9 25  end
548, (2) 9 26  end
549, (2) 9 27  end
550, (2) 9 28  end
551, (2) 9 29  end
552, (2) 9 30  end
553, (2) 9 31  end
554, (2) 9 32  end
555, (2) 9 33  end
556, (2) 9 34  end
557, (2) 9 35  end
558, (2) 9 36  end
559, (2) 9 37  end
560, (2) 9 38  end
561, (2) 9 39  end
562, (2) 9 40  end
563, (2) 9 41  end
564, (2) 9 42  end
565, (2) 9 43  end
566, (2) 9 44  end
567, (2) 9 45  end
568, (2) 9 46  end
569, (2) 9 47  end
570, (2) 9 48  end
571, (2) 9 49  end
572, (2) 9 50  end
573, (2) 9 51  end
574, (2) 9 52  end
575, (2) 9 53  end
576, (2) 9 54  end
577, (2) 9 55  end
578, (2) 9 56  end
579, (2) 9 57  end
580, (2) 9 58  end
581, (2) 9 59  end
582, (2) 9 60  end
583, (2) 9 61  end
584, (2) 9 62  end
585, (2) 9 63  end
586, (2) 10 11  end
587, (2) 10 12  end
588, (2) 10 13  end
589, (2) 10 14  end
590, (2) 10 15  end
591, (2) 10 16  end
592, (2) 10 17  end
593, (2) 10 18  end
594, (2) 10 19  end
595, (2) 10 20  end
596, (2) 10 21  end
597, (2) 10 22  end
598, (2) 10 23  end
599, (2) 10 24  end
600, (2) 10 25  end
601, (2) 10 26  end
602, (2) 10 27  end
603, (2) 10 28  end
604, (2) 10 29  end
605, (2) 10 30  end
606, (2) 10 31  end
607, (2) 10 32  end
608, (2) 10 33  end
609, (2) 10 34  end
610, (2) 10 35  end
611, (2) 10 36  end
612, (2) 10 37  end
613, (2) 10 38  end
614, (2) 10 39  end
615, (2) 10 40  end
616, (2) 10 41  end
617, (2) 10 42  end
618, (2) 10 43  end
619, (2) 10 44  end
620, (2) 10 45  end
621, (2) 10 46  end
622, (2) 10 47  end
623, (2) 10 48  end
624, (2) 10 49  end
625, (2) 10 50  end
626, (2) 10 51  end
627, (2) 10 52  end
628, (2) 10 53  end
629, (2) 10 54  end
630, (2) 10 55  end
631, (2) 10 56  end
632, (2) 10 57  end
633, (2) 10 58  end
634, (2) 10 59  end
635, (2) 10 60  end
636, (2) 10 61  end
637, (2) 10 62  end
638, (2) 10 63  end
639, (2) 11 12  end
640, (2) 11 13  end
641, (2) 11 14  end
642, (2) 11 15  end
643, (2) 11 16  end
644, (2) 11 17  end
645, (2) 11 18  end
646, (2) 11 19  end
647, (2) 11 20  end
648, (2) 11 21  end
649, (2) 11 22  end
650, (2) 11 23  end
651, (2) 11 24  end
652, (2) 11 25  end
653, (2) 11 26  end
654, (2) 11 27  end
655, (2) 11 28  end
656, (2) 11 29  end
657, (2) 11 30  end
658, (2) 11 31  end
659, (2) 11 32  end
660, (2) 11 33  end
661, (2) 11 34  end
662, (2) 11 35  end
663, (2) 11 36  end
664, (2) 11 37  end
665, (2) 11 38  end
666, (2) 11 39  end
667, (2) 11 40  end
668, (2) 11 41  end
669, (2) 11 42  end
670, (2) 11 43  end
671, (2) 11 44  end
672, (2) 11 45  end
673, (2) 11 46  end
674, (2) 11 47  end
675, (2) 11 48  end
676, (2) 11 49  end
677, (2) 11 50  end
678, (2) 11 51  end
679, (2) 11 52  end
680, (2) 11 53  end
681, (2) 11 54  end
682, (2) 11 55  end
683, (2) 11 56  end
684, (2) 11 57  end
685, (2) 11 58  end
686, (2) 11 59  end
687, (2) 11 60  end
688, (2) 11 61  end
689, (2) 11 62  end
690, (2) 11 63  end
691, (2) 12 13  end
692, (2) 12 14  end
693, (2) 12 15  end
694, (2) 12 16  end
695, (2) 12 17  end
696, (2) 12 18  end
697, (2) 12 19  end
698, (2) 12 20  end
699, (2) 12 21  end
700, (2) 12 22  end
701, (2) 12 23  end
702, (2) 12 24  end
703, (2) 12 25  end
704, (2) 12 26  end
705, (2) 12 27  end
706, (2) 12 28  end
707, (2) 12 29  end
708, (2) 12 30  end
709, (2) 12 31  end
710, (2) 12 32  end
711, (2) 12 33  end
712, (2) 12 34  end
713, (2) 12 35  end
714, (2) 12 36  end
715, (2) 12 37  end
716, (2) 12 38  end
717, (2) 12 39  end
718, (2) 12 40  end
719, (2) 12 41  end
720, (2) 12 42  end
721, (2) 12 43  end
722, (2) 12 44  end
723, (2) 12 45  end
724, (2) 12 46  end
725, (2) 12 47  end
726, (2) 12 48  end
727, (2) 12 49  end
728, (2) 12 50  end
729, (2) 12 51  end
730, (2) 12 52  end
731, (2) 12 53  end
732, (2) 12 54  end
733, (2) 12 55  end
734, (2) 12 56  end
735, (2) 12 57  end
736, (2) 12 58  end
737, (2) 12 59  end
738, (2) 12 60  end
739, (2) 12 61  end
740, (2) 12 62  end
741, (2) 12 63  end
742, (2) 13 14  end
743, (2) 13 15  end
744, (2) 13 16  end
745, (2) 13 17  end
746, (2) 13 18  end
747, (2) 13 19  end
748, (2) 13 20  end
749, (2) 13 21  end
750, (2) 13 22  end
751, (2) 13 23  end
752, (2) 13 24  end
753, (2) 13 25  end
754, (2) 13 26  end
755, (2) 13 27  end
756, (2) 13 28  end
757, (2) 13 29  end
758, (2) 13 30  end
759, (2) 13 31  end
760, (2) 13 32  end
761, (2) 13 33  end
762, (2) 13 34  end
763, (2) 13 35  end
764, (2) 13 36  end
765, (2) 13 37  end
766, (2) 13 38  end
767, (2) 13 39  end
768, (2) 13 40  end
769, (2) 13 41  end
770, (2) 13 42  end
771, (2) 13 43  end
772, (2) 13 44  end
773, (2) 13 45  end
774, (2) 13 46  end
775, (2) 13 47  end
776, (2) 13 48  end
777, (2) 13 49  end
778, (2) 13 50  end
779, (2) 13 51  end
780, (2) 13 52  end
781, (2) 13 53  end
782, (2) 13 54  end
783, (2) 13 55  end
784, (2) 13 56  end
785, (2) 13 57  end
786, (2) 13 58  end
787, (2) 13 59  end
788, (2) 13 60  end
789, (2) 13 61  end
790, (2) 13 62  end
791, (2) 13 63  end
792, (2) 14 15  end
793, (2) 14 16  end
794, (2) 14 17  end
795, (2) 14 18  end
796, (2) 14 19  end
797, (2) 14 20  end
798, (2) 14 21  end
799, (2) 14 22  end
800, (2) 14 23  end
801, (2) 14 24  end
802, (2) 14 25  end
803, (2) 14 26  end
804, (2) 14 27  end
805, (2) 14 28  end
806, (2) 14 29  end
807, (2) 14 30  end
808, (2) 14 31  end
809, (2) 14 32  end
810, (2) 14 33  end
811, (2) 14 34  end
812, (2) 14 35  end
813, (2) 14 36  end
814, (2) 14 37  end
815, (2) 14 38  end
816, (2) 14 39  end
817, (2) 14 40  end
818, (2) 14 41  end
819, (2) 14 42  end
820, (2) 14 43  end
821, (2) 14 44  end
822, (2) 14 45  end
823, (2) 14 46  end
824, (2) 14 47  end
825, (2) 14 48  end
826, (2) 14 49  end
827, (2) 14 50  end
828, (2) 14 51  end
829, (2) 14 52  end
830, (2) 14 53  end
831, (2) 14 54  end
832, (2) 14 55  end
833, (2) 14 56  end
834, (2) 14 57  end
835, (2) 14 58  end
836, (2) 14 59  end
837, (2) 14 60  end
838, (2) 14 61  end
839, (2) 14 62  end
840, (2) 14 63  end
841, (2) 15 16  end
842, (2) 15 17  end
843, (2) 15 18  end
844, (2) 15 19  end
845, (2) 15 20  end
846, (2) 15 21  end
847, (2) 15 22  end
848, (2) 15 23  end
849, (2) 15 24  end
850, (2) 15 25  end
851, (2) 15 26  end
852, (2) 15 27  end
853, (2) 15 28  end
854, (2) 15 29  end
855, (2) 15 30  end
856, (2) 15 31  end
857, (2) 15 32  end
858, (2) 15 33  end
859, (2) 15 34  end
860, (2) 15 35  end
861, (2) 15 36  end
862, (2) 15 37  end
863, (2) 15 38  end
864, (2) 15 39  end
865, (2) 15 40  end
866, (2) 15 41  end
867, (2) 15 42  end
868, (2) 15 43  end
869, (2) 15 44  end
870, (2) 15 45  end
871, (2) 15 46  end
872, (2) 15 47  end
873, (2) 15 48  end
874, (2) 15 49  end
875, (2) 15 50  end
876, (2) 15 51  end
877, (2) 15 52  end
878, (2) 15 53  end
879, (2) 15 54  end
880, (2) 15 55  end
881, (2) 15 56  end
882, (2) 15 57  end
883, (2) 15 58  end
884, (2) 15 59  end
885, (2) 15 60  end
886, (2) 15 61  end
887, (2) 15 62  end
888, (2) 15 63  end
889, (2) 16 17  end
890, (2) 16 18  end
891, (2) 16 19  end
892, (2) 16 20  end
893, (2) 16 21  end
894, (2) 16 22  end
895, (2) 16 23  end
896, (2) 16 24  end
897, (2) 16 25  end
898, (2) 16 26  end
899, (2) 16 27  end
900, (2) 16 28  end
901, (2) 16 29  end
902, (2) 16 30  end
903, (2) 16 31  end
904, (2) 16 32  end
905, (2) 16 33  end
906, (2) 16 34  end
907, (2) 16 35  end
908, (2) 16 36  end
909, (2) 16 37  end
910, (2) 16 38  end
911, (2) 16 39  end
912, (2) 16 40  end
913, (2) 16 41  end
914, (2) 16 42  end
915, (2) 16 43  end
916, (2) 16 44  end
917, (2) 16 45  end
918, (2) 16 46  end
919, (2) 16 47  end
920, (2) 16 48  end
921, (2) 16 49  end
922, (2) 16 50  end
923, (2) 16 51  end
924, (2) 16 52  end
925, (2) 16 53  end
926, (2) 16 54  end
927, (2) 16 55  end
928, (2) 16 56  end
929, (2) 16 57  end
930, (2) 16 58  end
931, (2) 16 59  end
932, (2) 16 60  end
933, (2) 16 61  end
934, (2) 16 62  end
935, (2) 16 63  end
936, (2) 17 18  end
937, (2) 17 19  end
938, (2) 17 20  end
939, (2) 17 21  end
940, (2) 17 22  end
941, (2) 17 23  end
942, (2) 17 24  end
943, (2) 17 25  end
944, (2) 17 26  end
945, (2) 17 27  end
946, (2) 17 28  end
947, (2) 17 29  end
948, (2) 17 30  end
949, (2) 17 31  end
950, (2) 17 32  end
951, (2) 17 33  end
952, (2) 17 34  end
953, (2) 17 35  end
954, (2) 17 36  end
955, (2) 17 37  end
956, (2) 17 38  end
957, (2) 17 39  end
958, (2) 17 40  end
959, (2) 17 41  end
960, (2) 17 42  end
961, (2) 17 43  end
962, (2) 17 44  end
963, (2) 17 45  end
964, (2) 17 46  end
965, (2) 17 47  end
966, (2) 17 48  end
967, (2) 17 49  end
968, (2) 17 50  end
969, (2) 17 51  end
970, (2) 17 52  end
971, (2) 17 53  end
972, (2) 17 54  end
973, (2) 17 55  end
974, (2) 17 56  end
975, (2) 17 57  end
976, (2) 17 58  end
977, (2) 17 59  end
978, (2) 17 60  end
979, (2) 17 61  end
980, (2) 17 62  end
981, (2) 17 63  end
982, (2) 18 19  end
983, (2) 18 20  end
984, (2) 18 21  end
985, (2) 18 22  end
986, (2) 18 23  end
987, (2) 18 24  end
988, (2) 18 25  end
989, (2) 18 26  end
990, (2) 18 27  end
991, (2) 18 28  end
992, (2) 18 29  end
993, (2) 18 30  end
994, (2) 18 31  end
995, (2) 18 32  end
996, (2) 18 33  end
997, (2) 18 34  end
998, (2) 18 35  end
999, (2) 18 36  end
1000, (2) 18 37  end
1001, (2) 18 38  end
1002, (2) 18 39  end
1003, (2) 18 40  end
1004, (2) 18 41  end
1005, (2) 18 42  end
1006, (2) 18 43  end
1007, (2) 18 44  end
1008, (2) 18 45  end
1009, (2) 18 46  end
1010, (2) 18 47  end
1011, (2) 18 48  end
1012, (2) 18 49  end
1013, (2) 18 50  end
1014, (2) 18 51  end
1015, (2) 18 52  end
1016, (2) 18 53  end
1017, (2) 18 54  end
1018, (2) 18 55  end
1019, (2) 18 56  end
1020, (2) 18 57  end
1021, (2) 18 58  end
1022, (2) 18 59  end
1023, (2) 18 60  end
1024, (2) 18 61  end
1025, (2) 18 62  end
1026, (2) 18 63  end
1027, (2) 19 20  end
1028, (2) 19 21  end
1029, (2) 19 22  end
1030, (2) 19 23  end
1031, (2) 19 24  end
1032, (2) 19 25  end
1033, (2) 19 26  end
1034, (2) 19 27  end
1035, (2) 19 28  end
1036, (2) 19 29  end
1037, (2) 19 30  end
1038, (2) 19 31  end
1039, (2) 19 32  end
1040, (2) 19 33  end
1041, (2) 19 34  end
1042, (2) 19 35  end
1043, (2) 19 36  end
1044, (2) 19 37  end
1045, (2) 19 38  end
1046, (2) 19 39  end
1047, (2) 19 40  end
1048, (2) 19 41  end
1049, (2) 19 42  end
1050, (2) 19 43  end
1051, (2) 19 44  end
1052, (2) 19 45  end
1053, (2) 19 46  end
1054, (2) 19 47  end
1055, (2) 19 48  end
1056, (2) 19 49  end
1057, (2) 19 50  end
1058, (2) 19 51  end
1059, (2) 19 52  end
1060, (2) 19 53  end
1061, (2) 19 54  end
1062, (2) 19 55  end
1063, (2) 19 56  end
1064, (2) 19 57  end
1065, (2) 19 58  end
1066, (2) 19 59  end
1067, (2) 19 60  end
1068, (2) 19 61  end
1069, (2) 19 62  end
1070, (2) 19 63  end
1071, (2) 20 21  end
1072, (2) 20 22  end
1073, (2) 20 23  end
1074, (2) 20 24  end
1075, (2) 20 25  end
1076, (2) 20 26  end
1077, (2) 20 27  end
1078, (2) 20 28  end
1079, (2) 20 29  end
1080, (2) 20 30  end
1081, (2) 20 31  end
1082, (2) 20 32  end
1083, (2) 20 33  end
1084, (2) 20 34  end
1085, (2) 20 35  end
1086, (2) 20 36  end
1087, (2) 20 37  end
1088, (2) 20 38  end
1089, (2) 20 39  end
1090, (2) 20 40  end
1091, (2) 20 41  end
1092, (2) 20 42  end
1093, (2) 20 43  end
1094, (2) 20 44  end
1095, (2) 20 45  end
1096, (2) 20 46  end
1097, (2) 20 47  end
1098, (2) 20 48  end
1099, (2) 20 49  end
1100, (2) 20 50  end
1101, (2) 20 51  end
1102, (2) 20 52  end
1103, (2) 20 53  end
1104, (2) 20 54  end
1105, (2) 20 55  end
1106, (2) 20 56  end
1107, (2) 20 57  end
1108, (2) 20 58  end
1109, (2) 20 59  end
1110, (2) 20 60  end
1111, (2) 20 61  end
1112, (2) 20 62  end
1113, (2) 20 63  end
1114, (2) 21 22  end
1115, (2) 21 23  end
1116, (2) 21 24  end
1117, (2) 21 25  end
1118, (2) 21 26  end
1119, (2) 21 27  end
1120, (2) 21 28  end
1121, (2) 21 29  end
1122, (2) 21 30  end
1123, (2) 21 31  end
1124, (2) 21 32  end
1125, (2) 21 33  end
1126, (2) 21 34  end
1127, (2) 21 35  end
1128, (2) 21 36  end
1129, (2) 21 37  end
1130, (2) 21 38  end
1131, (2) 21 39  end
1132, (2) 21 40  end
1133, (2) 21 41  end
1134, (2) 21 42  end
1135, (2) 21 43  end
1136, (2) 21 44  end
1137, (2) 21 45  end
1138, (2) 21 46  end
1139, (2) 21 47  end
1140, (2) 21 48  end
1141, (2) 21 49  end
1142, (2) 21 50  end
1143, (2) 21 51  end
1144, (2) 21 52  end
1145, (2) 21 53  end
1146, (2) 21 54  end
1147, (2) 21 55  end
1148, (2) 21 56  end
1149, (2) 21 57  end
1150, (2) 21 58  end
1151, (2) 21 59  end
1152, (2) 21 60  end
1153, (2) 21 61  end
1154, (2) 21 62  end
1155, (2) 21 63  end
1156, (2) 22 23  end
1157, (2) 22 24  end
1158, (2) 22 25  end
1159, (2) 22 26  end
1160, (2) 22 27  end
1161, (2) 22 28  end
1162, (2) 22 29  end
1163, (2) 22 30  end
1164, (2) 22 31  end
1165, (2) 22 32  end
1166, (2) 22 33  end
1167, (2) 22 34  end
1168, (2) 22 35  end
1169, (2) 22 36  end
1170, (2) 22 37  end
1171, (2) 22 38  end
1172, (2) 22 39  end
1173, (2) 22 40  end
1174, (2) 22 41  end
1175, (2) 22 42  end
1176, (2) 22 43  end
1177, (2) 22 44  end
1178, (2) 22 45  end
1179, (2) 22 46  end
1180, (2) 22 47  end
1181, (2) 22 48  end
1182, (2) 22 49  end
1183, (2) 22 50  end
1184, (2) 22 51  end
1185, (2) 22 52  end
1186, (2) 22 53  end
1187, (2) 22 54  end
1188, (2) 22 55  end
1189, (2) 22 56  end
1190, (2) 22 57  end
1191, (2) 22 58  end
1192, (2) 22 59  end
1193, (2) 22 60  end
1194, (2) 22 61  end
1195, (2) 22 62  end
1196, (2) 22 63  end
1197, (2) 23 24  end
1198, (2) 23 25  end
1199, (2) 23 26  end
1200, (2) 23 27  end
1201, (2) 23 28  end
1202, (2) 23 29  end
1203, (2) 23 30  end
1204, (2) 23 31  end
1205, (2) 23 32  end
1206, (2) 23 33  end
1207, (2) 23 34  end
1208, (2) 23 35  end
1209, (2) 23 36  end
1210, (2) 23 37  end
1211, (2) 23 38  end
1212, (2) 23 39  end
1213, (2) 23 40  end
1214, (2) 23 41  end
1215, (2) 23 42  end
1216, (2) 23 43  end
1217, (2) 23 44  end
1218, (2) 23 45  end
1219, (2) 23 46  end
1220, (2) 23 47  end
1221, (2) 23 48  end
1222, (2) 23 49  end
1223, (2) 23 50  end
1224, (2) 23 51  end
1225, (2) 23 52  end
1226, (2) 23 53  end
1227, (2) 23 54  end
1228, (2) 23 55  end
1229, (2) 23 56  end
1230, (2) 23 57  end
1231, (2) 23 58  end
1232, (2) 23 59  end
1233, (2) 23 60  end
1234, (2) 23 61  end
1235, (2) 23 62  end
1236, (2) 23 63  end
1237, (2) 24 25  end
1238, (2) 24 26  end
1239, (2) 24 27  end
1240, (2) 24 28  end
1241, (2) 24 29  end
1242, (2) 24 30  end
1243, (2) 24 31  end
1244, (2) 24 32  end
1245, (2) 24 33  end
1246, (2) 24 34  end
1247, (2) 24 35  end
1248, (2) 24 36  end
1249, (2) 24 37  end
1250, (2) 24 38  end
1251, (2) 24 39  end
1252, (2) 24 40  end
1253, (2) 24 41  end
1254, (2) 24 42  end
1255, (2) 24 43  end
1256, (2) 24 44  end
1257, (2) 24 45  end
1258, (2) 24 46  end
1259, (2) 24 47  end
1260, (2) 24 48  end
1261, (2) 24 49  end
1262, (2) 24 50  end
1263, (2) 24 51  end
1264, (2) 24 52  end
1265, (2) 24 53  end
1266, (2) 24 54  end
1267, (2) 24 55  end
1268, (2) 24 56  end
1269, (2) 24 57  end
1270, (2) 24 58  end
1271, (2) 24 59  end
1272, (2) 24 60  end
1273, (2) 24 61  end
1274, (2) 24 62  end
1275, (2) 24 63  end
1276, (2) 25 26  end
1277, (2) 25 27  end
1278, (2) 25 28  end
1279, (2) 25 29  end
1280, (2) 25 30  end
1281, (2) 25 31  end
1282, (2) 25 32  end
1283, (2) 25 33  end
1284, (2) 25 34  end
1285, (2) 25 35  end
1286, (2) 25 36  end
1287, (2) 25 37  end
1288, (2) 25 38  end
1289, (2) 25 39  end
1290, (2) 25 40  end
1291, (2) 25 41  end
1292, (2) 25 42  end
1293, (2) 25 43  end
1294, (2) 25 44  end
1295, (2) 25 45  end
1296, (2) 25 46  end
1297, (2) 25 47  end
1298, (2) 25 48  end
1299, (2) 25 49  end
1300, (2) 25 50  end
1301, (2) 25 51  end
1302, (2) 25 52  end
1303, (2) 25 53  end
1304, (2) 25 54  end
1305, (2) 25 55  end
1306, (2) 25 56  end
1307, (2) 25 57  end
1308, (2) 25 58  end
1309, (2) 25 59  end
1310, (2) 25 60  end
1311, (2) 25 61  end
1312, (2) 25 62  end
1313, (2) 25 63  end
1314, (2) 26 27  end
1315, (2) 26 28  end
1316, (2) 26 29  end
1317, (2) 26 30  end
1318, (2) 26 31  end
1319, (2) 26 32  end
1320, (2) 26 33  end
1321, (2) 26 34  end
1322, (2) 26 35  end
1323, (2) 26 36  end
1324, (2) 26 37  end
1325, (2) 26 38  end
1326, (2) 26 39  end
1327, (2) 26 40  end
1328, (2) 26 41  end
1329, (2) 26 42  end
1330, (2) 26 43  end
1331, (2) 26 44  end
1332, (2) 26 45  end
1333, (2) 26 46  end
1334, (2) 26 47  end
1335, (2) 26 48  end
1336, (2) 26 49  end
1337, (2) 26 50  end
1338, (2) 26 51  end
1339, (2) 26 52  end
1340, (2) 26 53  end
1341, (2) 26 54  end
1342, (2) 26 55  end
1343, (2) 26 56  end
1344, (2) 26 57  end
1345, (2) 26 58  end
1346, (2) 26 59  end
1347, (2) 26 60  end
1348, (2) 26 61  end
1349, (2) 26 62  end
1350, (2) 26 63  end
1351, (2) 27 28  end
1352, (2) 27 29  end
1353, (2) 27 30  end
1354, (2) 27 31  end
1355, (2) 27 32  end
1356, (2) 27 33  end
1357, (2) 27 34  end
1358, (2) 27 35  end
1359, (2) 27 36  end
1360, (2) 27 37  end
1361, (2) 27 38  end
1362, (2) 27 39  end
1363, (2) 27 40  end
1364, (2) 27 41  end
1365, (2) 27 42  end
1366, (2) 27 43  end
1367, (2) 27 44  end
1368, (2) 27 45  end
1369, (2) 27 46  end
1370, (2) 27 47  end
1371, (2) 27 48  end
1372, (2) 27 49  end
1373, (2) 27 50  end
1374, (2) 27 51  end
1375, (2) 27 52  end
1376, (2) 27 53  end
1377, (2) 27 54  end
1378, (2) 27 55  end
1379, (2) 27 56  end
1380, (2) 27 57  end
1381, (2) 27 58  end
1382, (2) 27 59  end
1383, (2) 27 60  end
1384, (2) 27 61  end
1385, (2) 27 62  end
1386, (2) 27 63  end
1387, (2) 28 29  end
1388, (2) 28 30  end
1389, (2) 28 31  end
1390, (2) 28 32  end
1391, (2) 28 33  end
1392, (2) 28 34  end
1393, (2) 28 35  end
1394, (2) 28 36  end
1395, (2) 28 37  end
1396, (2) 28 38  end
1397, (2) 28 39  end
1398, (2) 28 40  end
1399, (2) 28 41  end
1400, (2) 28 42  end
1401, (2) 28 43  end
1402, (2) 28 44  end
1403, (2) 28 45  end
1404, (2) 28 46  end
1405, (2) 28 47  end
1406, (2) 28 48  end
1407, (2) 28 49  end
1408, (2) 28 50  end
1409, (2) 28 51  end
1410, (2) 28 52  end
1411, (2) 28 53  end
1412, (2) 28 54  end
1413, (2) 28 55  end
1414, (2) 28 56  end
1415, (2) 28 57  end
1416, (2) 28 58  end
1417, (2) 28 59  end
1418, (2) 28 60  end
1419, (2) 28 61  end
1420, (2) 28 62  end
1421, (2) 28 63  end
1422, (2) 29 30  end
1423, (2) 29 31  end
1424, (2) 29 32  end
1425, (2) 29 33  end
1426, (2) 29 34  end
1427, (2) 29 35  end
1428, (2) 29 36  end
1429, (2) 29 37  end
1430, (2) 29 38  end
1431, (2) 29 39  end
1432, (2) 29 40  end
1433, (2) 29 41  end
1434, (2) 29 42  end
1435, (2) 29 43  end
1436, (2) 29 44  end
1437, (2) 29 45  end
1438, (2) 29 46  end
1439, (2) 29 47  end
1440, (2) 29 48  end
1441, (2) 29 49  end
1442, (2) 29 50  end
1443, (2) 29 51  end
1444, (2) 29 52  end
1445, (2) 29 53  end
1446, (2) 29 54  end
1447, (2) 29 55  end
1448, (2) 29 56  end
1449, (2) 29 57  end
1450, (2) 29 58  end
1451, (2) 29 59  end
1452, (2) 29 60  end
1453, (2) 29 61  end
1454, (2) 29 62  end
1455, (2) 29 63  end
1456, (2) 30 31  end
1457, (2) 30 32  end
1458, (2) 30 33  end
1459, (2) 30 34  end
1460, (2) 30 35  end
1461, (2) 30 36  end
1462, (2) 30 37  end
1463, (2) 30 38  end
1464, (2) 30 39  end
1465, (2) 30 40  end
1466, (2) 30 41  end
1467, (2) 30 42  end
1468, (2) 30 43  end
1469, (2) 30 44  end
1470, (2) 30 45  end
1471, (2) 30 46  end
1472, (2) 30 47  end
1473, (2) 30 48  end
1474, (2) 30 49  end
1475, (2) 30 50  end
1476, (2) 30 51  end
1477, (2) 30 52  end
1478, (2) 30 53  end
1479, (2) 30 54  end
1480, (2) 30 55  end
1481, (2) 30 56  end
1482, (2) 30 57  end
1483, (2) 30 58  end
1484, (2) 30 59  end
1485, (2) 30 60  end
1486, (2) 30 61  end
1487, (2) 30 62  end
1488, (2) 30 63  end
1489, (2) 31 32  end
1490, (2) 31 33  end
1491, (2) 31 34  end
1492, (2) 31 35  end
1493, (2) 31 36  end
1494, (2) 31 37  end
1495, (2) 31 38  end
1496, (2) 31 39  end
1497, (2) 31 40  end
1498, (2) 31 41  end
1499, (2) 31 42  end
1500, (2) 31 43  end
1501, (2) 31 44  end
1502, (2) 31 45  end
1503, (2) 31 46  end
1504, (2) 31 47  end
1505, (2) 31 48  end
1506, (2) 31 49  end
1507, (2) 31 50  end
1508, (2) 31 51  end
1509, (2) 31 52  end
1510, (2) 31 53  end
1511, (2) 31 54  end
1512, (2) 31 55  end
1513, (2) 31 56  end
1514, (2) 31 57  end
1515, (2) 31 58  end
1516, (2) 31 59  end
1517, (2) 31 60  end
1518, (2) 31 61  end
1519, (2) 31 62  end
1520, (2) 31 63  end
1521, (2) 32 33  end
1522, (2) 32 34  end
1523, (2) 32 35  end
1524, (2) 32 36  end
1525, (2) 32 37  end
1526, (2) 32 38  end
1527, (2) 32 39  end
1528, (2) 32 40  end
1529, (2) 32 41  end
1530, (2) 32 42  end
1531, (2) 32 43  end
1532, (2) 32 44  end
1533, (2) 32 45  end
1534, (2) 32 46  end
1535, (2) 32 47  end
1536, (2) 32 48  end
1537, (2) 32 49  end
1538, (2) 32 50  end
1539, (2) 32 51  end
1540, (2) 32 52  end
1541, (2) 32 53  end
1542, (2) 32 54  end
1543, (2) 32 55  end
1544, (2) 32 56  end
1545, (2) 32 57  end
1546, (2) 32 58  end
1547, (2) 32 59  end
1548, (2) 32 60  end
1549, (2) 32 61  end
1550, (2) 32 62  end
1551, (2) 32 63  end
1552, (2) 33 34  end
1553, (2) 33 35  end
1554, (2) 33 36  end
1555, (2) 33 37  end
1556, (2) 33 38  end
1557, (2) 33 39  end
1558, (2) 33 40  end
1559, (2) 33 41  end
1560, (2) 33 42  end
1561, (2) 33 43  end
1562, (2) 33 44  end
1563, (2) 33 45  end
1564, (2) 33 46  end
1565, (2) 33 47  end
1566, (2) 33 48  end
1567, (2) 33 49  end
1568, (2) 33 50  end
1569, (2) 33 51  end
1570, (2) 33 52  end
1571, (2) 33 53  end
1572, (2) 33 54  end
1573, (2) 33 55  end
1574, (2) 33 56  end
1575, (2) 33 57  end
1576, (2) 33 58  end
1577, (2) 33 59  end
1578, (2) 33 60  end
1579, (2) 33 61  end
1580, (2) 33 62  end
1581, (2) 33 63  end
1582, (2) 34 35  end
1583, (2) 34 36  end
1584, (2) 34 37  end
1585, (2) 34 38  end
1586, (2) 34 39  end
1587, (2) 34 40  end
1588, (2) 34 41  end
1589, (2) 34 42  end
1590, (2) 34 43  end
1591, (2) 34 44  end
1592, (2) 34 45  end
1593, (2) 34 46  end
1594, (2) 34 47  end
1595, (2) 34 48  end
1596, (2) 34 49  end
1597, (2) 34 50  end
1598, (2) 34 51  end
1599, (2) 34 52  end
1600, (2) 34 53  end
1601, (2) 34 54  end
1602, (2) 34 55  end
1603, (2) 34 56  end
1604, (2) 34 57  end
1605, (2) 34 58  end
1606, (2) 34 59  end
1607, (2) 34 60  end
1608, (2) 34 61  end
1609, (2) 34 62  end
1610, (2) 34 63  end
1611, (2) 35 36  end
1612, (2) 35 37  end
1613, (2) 35 38  end
1614, (2) 35 39  end
1615, (2) 35 40  end
1616, (2) 35 41  end
1617, (2) 35 42  end
1618, (2) 35 43  end
1619, (2) 35 44  end
1620, (2) 35 45  end
1621, (2) 35 46  end
1622, (2) 35 47  end
1623, (2) 35 48  end
1624, (2) 35 49  end
1625, (2) 35 50  end
1626, (2) 35 51  end
1627, (2) 35 52  end
1628, (2) 35 53  end
1629, (2) 35 54  end
1630, (2) 35 55  end
1631, (2) 35 56  end
1632, (2) 35 57  end
1633, (2) 35 58  end
1634, (2) 35 59  end
1635, (2) 35 60  end
1636, (2) 35 61  end
1637, (2) 35 62  end
1638, (2) 35 63  end
1639, (2) 36 37  end
1640, (2) 36 38  end
1641, (2) 36 39  end
1642, (2) 36 40  end
1643, (2) 36 41  end
1644, (2) 36 42  end
1645, (2) 36 43  end
1646, (2) 36 44  end
1647, (2) 36 45  end
1648, (2) 36 46  end
1649, (2) 36 47  end
1650, (2) 36 48  end
1651, (2) 36 49  end
1652, (2) 36 50  end
1653, (2) 36 51  end
1654, (2) 36 52  end
1655, (2) 36 53  end
1656, (2) 36 54  end
1657, (2) 36 55  end
1658, (2) 36 56  end
1659, (2) 36 57  end
1660, (2) 36 58  end
1661, (2) 36 59  end
1662, (2) 36 60  end
1663, (2) 36 61  end
1664, (2) 36 62  end
1665, (2) 36 63  end
1666, (2) 37 38  end
1667, (2) 37 39  end
1668, (2) 37 40  end
1669, (2) 37 41  end
1670, (2) 37 42  end
1671, (2) 37 43  end
1672, (2) 37 44  end
1673, (2) 37 45  end
1674, (2) 37 46  end
1675, (2) 37 47  end
1676, (2) 37 48  end
1677, (2) 37 49  end
1678, (2) 37 50  end
1679, (2) 37 51  end
1680, (2) 37 52  end
1681, (2) 37 53  end
1682, (2) 37 54  end
1683, (2) 37 55  end
1684, (2) 37 56  end
1685, (2) 37 57  end
1686, (2) 37 58  end
1687, (2) 37 59  end
1688, (2) 37 60  end
1689, (2) 37 61  end
1690, (2) 37 62  end
1691, (2) 37 63  end
1692, (2) 38 39  end
1693, (2) 38 40  end
1694, (2) 38 41  end
1695, (2) 38 42  end
1696, (2) 38 43  end
1697, (2) 38 44  end
1698, (2) 38 45  end
1699, (2) 38 46  end
1700, (2) 38 47  end
1701, (2) 38 48  end
1702, (2) 38 49  end
1703, (2) 38 50  end
1704, (2) 38 51  end
1705, (2) 38 52  end
1706, (2) 38 53  end
1707, (2) 38 54  end
1708, (2) 38 55  end
1709, (2) 38 56  end
1710, (2) 38 57  end
1711, (2) 38 58  end
1712, (2) 38 59  end
1713, (2) 38 60  end
1714, (2) 38 61  end
1715, (2) 38 62  end
1716, (2) 38 63  end
1717, (2) 39 40  end
1718, (2) 39 41  end
1719, (2) 39 42  end
1720, (2) 39 43  end
1721, (2) 39 44  end
1722, (2) 39 45  end
1723, (2) 39 46  end
1724, (2) 39 47  end
1725, (2) 39 48  end
1726, (2) 39 49  end
1727, (2) 39 50  end
1728, (2) 39 51  end
1729, (2) 39 52  end
1730, (2) 39 53  end
1731, (2) 39 54  end
1732, (2) 39 55  end
1733, (2) 39 56  end
1734, (2) 39 57  end
1735, (2) 39 58  end
1736, (2) 39 59  end
1737, (2) 39 60  end
1738, (2) 39 61  end
1739, (2) 39 62  end
1740, (2) 39 63  end
1741, (2) 40 41  end
1742, (2) 40 42  end
1743, (2) 40 43  end
1744, (2) 40 44  end
1745, (2) 40 45  end
1746, (2) 40 46  end
1747, (2) 40 47  end
1748, (2) 40 48  end
1749, (2) 40 49  end
1750, (2) 40 50  end
1751, (2) 40 51  end
1752, (2) 40 52  end
1753, (2) 40 53  end
1754, (2) 40 54  end
1755, (2) 40 55  end
1756, (2) 40 56  end
1757, (2) 40 57  end
1758, (2) 40 58  end
1759, (2) 40 59  end
1760, (2) 40 60  end
1761, (2) 40 61  end
1762, (2) 40 62  end
1763, (2) 40 63  end
1764, (2) 41 42  end
1765, (2) 41 43  end
1766, (2) 41 44  end
1767, (2) 41 45  end
1768, (2) 41 46  end
1769, (2) 41 47  end
1770, (2) 41 48  end
1771, (2) 41 49  end
1772, (2) 41 50  end
1773, (2) 41 51  end
1774, (2) 41 52  end
1775, (2) 41 53  end
1776, (2) 41 54  end
1777, (2) 41 55  end
1778, (2) 41 56  end
1779, (2) 41 57  end
1780, (2) 41 58  end
1781, (2) 41 59  end
1782, (2) 41 60  end
1783, (2) 41 61  end
1784, (2) 41 62  end
1785, (2) 41 63  end
1786, (2) 42 43  end
1787, (2) 42 44  end
1788, (2) 42 45  end
1789, (2) 42 46  end
1790, (2) 42 47  end
1791, (2) 42 48  end
1792, (2) 42 49  end
1793, (2) 42 50  end
1794, (2) 42 51  end
1795, (2) 42 52  end
1796, (2) 42 53  end
1797, (2) 42 54  end
1798, (2) 42 55  end
1799, (2) 42 56  end
1800, (2) 42 57  end
1801, (2) 42 58  end
1802, (2) 42 59  end
1803, (2) 42 60  end
1804, (2) 42 61  end
1805, (2) 42 62  end
1806, (2) 42 63  end
1807, (2) 43 44  end
1808, (2) 43 45  end
1809, (2) 43 46  end
1810, (2) 43 47  end
1811, (2) 43 48  end
1812, (2) 43 49  end
1813, (2) 43 50  end
1814, (2) 43 51  end
1815, (2) 43 52  end
1816, (2) 43 53  end
1817, (2) 43 54  end
1818, (2) 43 55  end
1819, (2) 43 56  end
1820, (2) 43 57  end
1821, (2) 43 58  end
1822, (2) 43 59  end
1823, (2) 43 60  end
1824, (2) 43 61  end
1825, (2) 43 62  end
1826, (2) 43 63  end
1827, (2) 44 45  end
1828, (2) 44 46  end
1829, (2) 44 47  end
1830, (2) 44 48  end
1831, (2) 44 49  end
1832, (2) 44 50  end
1833, (2) 44 51  end
1834, (2) 44 52  end
1835, (2) 44 53  end
1836, (2) 44 54  end
1837, (2) 44 55  end
1838, (2) 44 56  end
1839, (2) 44 57  end
1840, (2) 44 58  end
1841, (2) 44 59  end
1842, (2) 44 60  end
1843, (2) 44 61  end
1844, (2) 44 62  end
1845, (2) 44 63  end
1846, (2) 45 46  end
1847, (2) 45 47  end
1848, (2) 45 48  end
1849, (2) 45 49  end
1850, (2) 45 50  end
1851, (2) 45 51  end
1852, (2) 45 52  end
1853, (2) 45 53  end
1854, (2) 45 54  end
1855, (2) 45 55  end
1856, (2) 45 56  end
1857, (2) 45 57  end
1858, (2) 45 58  end
1859, (2) 45 59  end
1860, (2) 45 60  end
1861, (2) 45 61  end
1862, (2) 45 62  end
1863, (2) 45 63  end
1864, (2) 46 47  end
1865, (2) 46 48  end
1866, (2) 46 49  end
1867, (2) 46 50  end
1868, (2) 46 51  end
1869, (2) 46 52  end
1870, (2) 46 53  end
1871, (2) 46 54  end
1872, (2) 46 55  end
1873, (2) 46 56  end
1874, (2) 46 57  end
1875, (2) 46 58  end
1876, (2) 46 59  end
1877, (2) 46 60  end
1878, (2) 46 61  end
1879, (2) 46 62  end
1880, (2) 46 63  end
1881, (2) 47 48  end
1882, (2) 47 49  end
1883, (2) 47 50  end
1884, (2) 47 51  end
1885, (2) 47 52  end
1886, (2) 47 53  end
1887, (2) 47 54  end
1888, (2) 47 55  end
1889, (2) 47 56  end
1890, (2) 47 57  end
1891, (2) 47 58  end
1892, (2) 47 59  end
1893, (2) 47 60  end
1894, (2) 47 61  end
1895, (2) 47 62  end
1896, (2) 47 63  end
1897, (2) 48 49  end
1898, (2) 48 50  end
1899, (2) 48 51  end
1900, (2) 48 52  end
1901, (2) 48 53  end
1902, (2) 48 54  end
1903, (2) 48 55  end
1904, (2) 48 56  end
1905, (2) 48 57  end
1906, (2) 48 58  end
1907, (2) 48 59  end
1908, (2) 48 60  end
1909, (2) 48 61  end
1910, (2) 48 62  end
1911, (2) 48 63  end
1912, (2) 49 50  end
1913, (2) 49 51  end
1914, (2) 49 52  end
1915, (2) 49 53  end
1916, (2) 49 54  end
1917, (2) 49 55  end
1918, (2) 49 56  end
1919, (2) 49 57  end
1920, (2) 49 58  end
1921, (2) 49 59  end
1922, (2) 49 60  end
1923, (2) 49 61  end
1924, (2) 49 62  end
1925, (2) 49 63  end
1926, (2) 50 51  end
1927, (2) 50 52  end
1928, (2) 50 53  end
1929, (2) 50 54  end
1930, (2) 50 55  end
1931, (2) 50 56  end
1932, (2) 50 57  end
1933, (2) 50 58  end
1934, (2) 50 59  end
1935, (2) 50 60  end
1936, (2) 50 61  end
1937, (2) 50 62  end
1938, (2) 50 63  end
1939, (2) 51 52  end
1940, (2) 51 53  end
1941, (2) 51 54  end
1942, (2) 51 55  end
1943, (2) 51 56  end
1944, (2) 51 57  end
1945, (2) 51 58  end
1946, (2) 51 59  end
1947, (2) 51 60  end
1948, (2) 51 61  end
1949, (2) 51 62  end
1950, (2) 51 63  end
1951, (2) 52 53  end
1952, (2) 52 54  end
1953, (2) 52 55  end
1954, (2) 52 56  end
1955, (2) 52 57  end
1956, (2) 52 58  end
1957, (2) 52 59  end
1958, (2) 52 60  end
1959, (2) 52 61  end
1960, (2) 52 62  end
1961, (2) 52 63  end
1962, (2) 53 54  end
1963, (2) 53 55  end
1964, (2) 53 56  end
1965, (2) 53 57  end
1966, (2) 53 58  end
1967, (2) 53 59  end
1968, (2) 53 60  end
1969, (2) 53 61  end
1970, (2) 53 62  end
1971, (2) 53 63  end
1972, (2) 54 55  end
1973, (2) 54 56  end
1974, (2) 54 57  end
1975, (2) 54 58  end
1976, (2) 54 59  end
1977, (2) 54 60  end
1978, (2) 54 61  end
1979, (2) 54 62  end
1980, (2) 54 63  end
1981, (2) 55 56  end
1982, (2) 55 57  end
1983, (2) 55 58  end
1984, (2) 55 59  end
1985, (2) 55 60  end
1986, (2) 55 61  end
1987, (2) 55 62  end
1988, (2) 55 63  end
1989, (2) 56 57  end
1990, (2) 56 58  end
1991, (2) 56 59  end
1992, (2) 56 60  end
1993, (2) 56 61  end
1994, (2) 56 62  end
1995, (2) 56 63  end
1996, (2) 57 58  end
1997, (2) 57 59  end
1998, (2) 57 60  end
1999, (2) 57 61  end
2000, (2) 57 62  end
2001, (2) 57 63  end
2002, (2) 58 59  end
2003, (2) 58 60  end
2004, (2) 58 61  end
2005, (2) 58 62  end
2006, (2) 58 63  end
2007, (2) 59 60  end
2008, (2) 59 61  end
2009, (2) 59 62  end
2010, (2) 59 63  end
2011, (2) 60 61  end
2012, (2) 60 62  end
2013, (2) 60 63  end
2014, (2) 61 62  end
2015, (2) 61 63  end
2016, (2) 62 63  end
----------------------------------------------
input_file: input/teddy_
output_file: output/teddy__0_2_2.bmp
label_size: 64
range_size: 2
lambda: 2
T: 4.00
Data term: Dt
Vpq(fp, fq) = (fp - fq)^2
Energy (before): 1079841
Energy (after): 201590
Italation: 86688
Run time[35271.70]
Error rate : 27.351111argc == 7
T : 9 候補区間: 0 --> 3
submodular subsets: 
1, (3) 0 1 2  end
2, (3) 2 3 4  end
3, (3) 4 5 6  end
4, (3) 6 7 8  end
5, (3) 8 9 10  end
6, (3) 10 11 12  end
7, (3) 12 13 14  end
8, (3) 14 15 16  end
9, (3) 16 17 18  end
10, (3) 18 19 20  end
11, (3) 20 21 22  end
12, (3) 22 23 24  end
13, (3) 24 25 26  end
14, (3) 26 27 28  end
15, (3) 28 29 30  end
16, (3) 30 31 32  end
17, (3) 32 33 34  end
18, (3) 34 35 36  end
19, (3) 36 37 38  end
20, (3) 38 39 40  end
21, (3) 40 41 42  end
22, (3) 42 43 44  end
23, (3) 44 45 46  end
24, (3) 46 47 48  end
25, (3) 48 49 50  end
26, (3) 50 51 52  end
27, (3) 52 53 54  end
28, (3) 54 55 56  end
29, (3) 56 57 58  end
30, (3) 58 59 60  end
31, (3) 60 61 62  end
32, (2) 62 63  end
----------------------------------------------
input_file: input/teddy_
output_file: output/teddy__0_2_3.bmp
label_size: 64
range_size: 3
lambda: 2
T: 9.00
Data term: Dt
Vpq(fp, fq) = (fp - fq)^2
Energy (before): 1079841
Energy (after): 937214
Italation: 448
Run time[473.52]
Error rate : 99.301926
----------------------------------------------
argc == 7
T : 16 候補区間: 0 --> 4
submodular subsets: 
1, (4) 0 1 2 3  end
2, (4) 3 4 5 6  end
3, (4) 6 7 8 9  end
4, (4) 9 10 11 12  end
5, (4) 12 13 14 15  end
6, (4) 15 16 17 18  end
7, (4) 18 19 20 21  end
8, (4) 21 22 23 24  end
9, (4) 24 25 26 27  end
10, (4) 27 28 29 30  end
11, (4) 30 31 32 33  end
12, (4) 33 34 35 36  end
13, (4) 36 37 38 39  end
14, (4) 39 40 41 42  end
15, (4) 42 43 44 45  end
16, (4) 45 46 47 48  end
17, (4) 48 49 50 51  end
18, (4) 51 52 53 54  end
19, (4) 54 55 56 57  end
20, (4) 57 58 59 60  end
21, (4) 60 61 62 63  end
----------------------------------------------
input_file: input/teddy_
output_file: output/teddy__0_2_4.bmp
label_size: 64
range_size: 4
lambda: 2
T: 16.00
Data term: Dt
Vpq(fp, fq) = (fp - fq)^2
Energy (before): 1079841
Energy (after): 888856
Italation: 294
Run time[632.00]
Error rate : 95.744000
----------------------------------------------
argc == 7
T : 25 候補区間: 0 --> 5
submodular subsets: 
1, (5) 0 1 2 3 4  end
2, (5) 4 5 6 7 8  end
3, (5) 8 9 10 11 12  end
4, (5) 12 13 14 15 16  end
5, (5) 16 17 18 19 20  end
6, (5) 20 21 22 23 24  end
7, (5) 24 25 26 27 28  end
8, (5) 28 29 30 31 32  end
9, (5) 32 33 34 35 36  end
10, (5) 36 37 38 39 40  end
11, (5) 40 41 42 43 44  end
12, (5) 44 45 46 47 48  end
13, (5) 48 49 50 51 52  end
14, (5) 52 53 54 55 56  end
15, (5) 56 57 58 59 60  end
16, (4) 60 61 62 63  end
----------------------------------------------
input_file: input/teddy_
output_file: output/teddy__0_2_5.bmp
label_size: 64
range_size: 5
lambda: 2
T: 25.00
Data term: Dt
Vpq(fp, fq) = (fp - fq)^2
Energy (before): 1079841
Energy (after): 833784
Italation: 336
Run time[1253.31]
Error rate : 86.243556
----------------------------------------------
argc == 7
T : 36 候補区間: 0 --> 6
submodular subsets: 
1, (6) 0 1 2 3 4 5  end
2, (6) 5 6 7 8 9 10  end
3, (6) 10 11 12 13 14 15  end
4, (6) 15 16 17 18 19 20  end
5, (6) 20 21 22 23 24 25  end
6, (6) 25 26 27 28 29 30  end
7, (6) 30 31 32 33 34 35  end
8, (6) 35 36 37 38 39 40  end
9, (6) 40 41 42 43 44 45  end
10, (6) 45 46 47 48 49 50  end
11, (6) 50 51 52 53 54 55  end
12, (6) 55 56 57 58 59 60  end
13, (4) 60 61 62 63  end
----------------------------------------------
input_file: input/teddy_
output_file: output/teddy__0_2_6.bmp
label_size: 64
range_size: 6
lambda: 2
T: 36.00
Data term: Dt
Vpq(fp, fq) = (fp - fq)^2
Energy (before): 1079841
Energy (after): 780248
Italation: 234
Run time[1360.02]
Error rate : 82.245333
----------------------------------------------
argc == 7
T : 49 候補区間: 0 --> 7
submodular subsets: 
1, (7) 0 1 2 3 4 5 6  end
2, (7) 6 7 8 9 10 11 12  end
3, (7) 12 13 14 15 16 17 18  end
4, (7) 18 19 20 21 22 23 24  end
5, (7) 24 25 26 27 28 29 30  end
6, (7) 30 31 32 33 34 35 36  end
7, (7) 36 37 38 39 40 41 42  end
8, (7) 42 43 44 45 46 47 48  end
9, (7) 48 49 50 51 52 53 54  end
10, (7) 54 55 56 57 58 59 60  end
11, (4) 60 61 62 63  end
----------------------------------------------
input_file: input/teddy_
output_file: output/teddy__0_2_7.bmp
label_size: 64
range_size: 7
lambda: 2
T: 49.00
Data term: Dt
Vpq(fp, fq) = (fp - fq)^2
Energy (before): 1079841
Energy (after): 717770
Italation: 638
Run time[5207.42]
Error rate : 79.013926
----------------------------------------------
argc == 7
T : 64 候補区間: 0 --> 8
submodular subsets: 
1, (8) 0 1 2 3 4 5 6 7  end
2, (8) 7 8 9 10 11 12 13 14  end
3, (8) 14 15 16 17 18 19 20 21  end
4, (8) 21 22 23 24 25 26 27 28  end
5, (8) 28 29 30 31 32 33 34 35  end
6, (8) 35 36 37 38 39 40 41 42  end
7, (8) 42 43 44 45 46 47 48 49  end
8, (8) 49 50 51 52 53 54 55 56  end
9, (8) 56 57 58 59 60 61 62 63  end
----------------------------------------------
input_file: input/teddy_
output_file: output/teddy__0_2_8.bmp
label_size: 64
range_size: 8
lambda: 2
T: 64.00
Data term: Dt
Vpq(fp, fq) = (fp - fq)^2
Energy (before): 1079841
Energy (after): 668840
Italation: 342
Run time[4154.70]
Error rate : 75.104000
----------------------------------------------
