argc == 7
T : 4 候補区間: 0 --> 2
submodular subsets: 
1, (2) 0 1  end
2, (2) 0 2  end
3, (2) 0 3  end
4, (2) 0 4  end
5, (2) 0 5  end
6, (2) 0 6  end
7, (2) 0 7  end
8, (2) 0 8  end
9, (2) 0 9  end
10, (2) 0 10  end
11, (2) 0 11  end
12, (2) 0 12  end
13, (2) 0 13  end
14, (2) 0 14  end
15, (2) 0 15  end
16, (2) 0 16  end
17, (2) 0 17  end
18, (2) 0 18  end
19, (2) 0 19  end
20, (2) 0 20  end
21, (2) 0 21  end
22, (2) 0 22  end
23, (2) 0 23  end
24, (2) 0 24  end
25, (2) 0 25  end
26, (2) 0 26  end
27, (2) 0 27  end
28, (2) 0 28  end
29, (2) 0 29  end
30, (2) 0 30  end
31, (2) 0 31  end
32, (2) 1 2  end
33, (2) 1 3  end
34, (2) 1 4  end
35, (2) 1 5  end
36, (2) 1 6  end
37, (2) 1 7  end
38, (2) 1 8  end
39, (2) 1 9  end
40, (2) 1 10  end
41, (2) 1 11  end
42, (2) 1 12  end
43, (2) 1 13  end
44, (2) 1 14  end
45, (2) 1 15  end
46, (2) 1 16  end
47, (2) 1 17  end
48, (2) 1 18  end
49, (2) 1 19  end
50, (2) 1 20  end
51, (2) 1 21  end
52, (2) 1 22  end
53, (2) 1 23  end
54, (2) 1 24  end
55, (2) 1 25  end
56, (2) 1 26  end
57, (2) 1 27  end
58, (2) 1 28  end
59, (2) 1 29  end
60, (2) 1 30  end
61, (2) 1 31  end
62, (2) 2 3  end
63, (2) 2 4  end
64, (2) 2 5  end
65, (2) 2 6  end
66, (2) 2 7  end
67, (2) 2 8  end
68, (2) 2 9  end
69, (2) 2 10  end
70, (2) 2 11  end
71, (2) 2 12  end
72, (2) 2 13  end
73, (2) 2 14  end
74, (2) 2 15  end
75, (2) 2 16  end
76, (2) 2 17  end
77, (2) 2 18  end
78, (2) 2 19  end
79, (2) 2 20  end
80, (2) 2 21  end
81, (2) 2 22  end
82, (2) 2 23  end
83, (2) 2 24  end
84, (2) 2 25  end
85, (2) 2 26  end
86, (2) 2 27  end
87, (2) 2 28  end
88, (2) 2 29  end
89, (2) 2 30  end
90, (2) 2 31  end
91, (2) 3 4  end
92, (2) 3 5  end
93, (2) 3 6  end
94, (2) 3 7  end
95, (2) 3 8  end
96, (2) 3 9  end
97, (2) 3 10  end
98, (2) 3 11  end
99, (2) 3 12  end
100, (2) 3 13  end
101, (2) 3 14  end
102, (2) 3 15  end
103, (2) 3 16  end
104, (2) 3 17  end
105, (2) 3 18  end
106, (2) 3 19  end
107, (2) 3 20  end
108, (2) 3 21  end
109, (2) 3 22  end
110, (2) 3 23  end
111, (2) 3 24  end
112, (2) 3 25  end
113, (2) 3 26  end
114, (2) 3 27  end
115, (2) 3 28  end
116, (2) 3 29  end
117, (2) 3 30  end
118, (2) 3 31  end
119, (2) 4 5  end
120, (2) 4 6  end
121, (2) 4 7  end
122, (2) 4 8  end
123, (2) 4 9  end
124, (2) 4 10  end
125, (2) 4 11  end
126, (2) 4 12  end
127, (2) 4 13  end
128, (2) 4 14  end
129, (2) 4 15  end
130, (2) 4 16  end
131, (2) 4 17  end
132, (2) 4 18  end
133, (2) 4 19  end
134, (2) 4 20  end
135, (2) 4 21  end
136, (2) 4 22  end
137, (2) 4 23  end
138, (2) 4 24  end
139, (2) 4 25  end
140, (2) 4 26  end
141, (2) 4 27  end
142, (2) 4 28  end
143, (2) 4 29  end
144, (2) 4 30  end
145, (2) 4 31  end
146, (2) 5 6  end
147, (2) 5 7  end
148, (2) 5 8  end
149, (2) 5 9  end
150, (2) 5 10  end
151, (2) 5 11  end
152, (2) 5 12  end
153, (2) 5 13  end
154, (2) 5 14  end
155, (2) 5 15  end
156, (2) 5 16  end
157, (2) 5 17  end
158, (2) 5 18  end
159, (2) 5 19  end
160, (2) 5 20  end
161, (2) 5 21  end
162, (2) 5 22  end
163, (2) 5 23  end
164, (2) 5 24  end
165, (2) 5 25  end
166, (2) 5 26  end
167, (2) 5 27  end
168, (2) 5 28  end
169, (2) 5 29  end
170, (2) 5 30  end
171, (2) 5 31  end
172, (2) 6 7  end
173, (2) 6 8  end
174, (2) 6 9  end
175, (2) 6 10  end
176, (2) 6 11  end
177, (2) 6 12  end
178, (2) 6 13  end
179, (2) 6 14  end
180, (2) 6 15  end
181, (2) 6 16  end
182, (2) 6 17  end
183, (2) 6 18  end
184, (2) 6 19  end
185, (2) 6 20  end
186, (2) 6 21  end
187, (2) 6 22  end
188, (2) 6 23  end
189, (2) 6 24  end
190, (2) 6 25  end
191, (2) 6 26  end
192, (2) 6 27  end
193, (2) 6 28  end
194, (2) 6 29  end
195, (2) 6 30  end
196, (2) 6 31  end
197, (2) 7 8  end
198, (2) 7 9  end
199, (2) 7 10  end
200, (2) 7 11  end
201, (2) 7 12  end
202, (2) 7 13  end
203, (2) 7 14  end
204, (2) 7 15  end
205, (2) 7 16  end
206, (2) 7 17  end
207, (2) 7 18  end
208, (2) 7 19  end
209, (2) 7 20  end
210, (2) 7 21  end
211, (2) 7 22  end
212, (2) 7 23  end
213, (2) 7 24  end
214, (2) 7 25  end
215, (2) 7 26  end
216, (2) 7 27  end
217, (2) 7 28  end
218, (2) 7 29  end
219, (2) 7 30  end
220, (2) 7 31  end
221, (2) 8 9  end
222, (2) 8 10  end
223, (2) 8 11  end
224, (2) 8 12  end
225, (2) 8 13  end
226, (2) 8 14  end
227, (2) 8 15  end
228, (2) 8 16  end
229, (2) 8 17  end
230, (2) 8 18  end
231, (2) 8 19  end
232, (2) 8 20  end
233, (2) 8 21  end
234, (2) 8 22  end
235, (2) 8 23  end
236, (2) 8 24  end
237, (2) 8 25  end
238, (2) 8 26  end
239, (2) 8 27  end
240, (2) 8 28  end
241, (2) 8 29  end
242, (2) 8 30  end
243, (2) 8 31  end
244, (2) 9 10  end
245, (2) 9 11  end
246, (2) 9 12  end
247, (2) 9 13  end
248, (2) 9 14  end
249, (2) 9 15  end
250, (2) 9 16  end
251, (2) 9 17  end
252, (2) 9 18  end
253, (2) 9 19  end
254, (2) 9 20  end
255, (2) 9 21  end
256, (2) 9 22  end
257, (2) 9 23  end
258, (2) 9 24  end
259, (2) 9 25  end
260, (2) 9 26  end
261, (2) 9 27  end
262, (2) 9 28  end
263, (2) 9 29  end
264, (2) 9 30  end
265, (2) 9 31  end
266, (2) 10 11  end
267, (2) 10 12  end
268, (2) 10 13  end
269, (2) 10 14  end
270, (2) 10 15  end
271, (2) 10 16  end
272, (2) 10 17  end
273, (2) 10 18  end
274, (2) 10 19  end
275, (2) 10 20  end
276, (2) 10 21  end
277, (2) 10 22  end
278, (2) 10 23  end
279, (2) 10 24  end
280, (2) 10 25  end
281, (2) 10 26  end
282, (2) 10 27  end
283, (2) 10 28  end
284, (2) 10 29  end
285, (2) 10 30  end
286, (2) 10 31  end
287, (2) 11 12  end
288, (2) 11 13  end
289, (2) 11 14  end
290, (2) 11 15  end
291, (2) 11 16  end
292, (2) 11 17  end
293, (2) 11 18  end
294, (2) 11 19  end
295, (2) 11 20  end
296, (2) 11 21  end
297, (2) 11 22  end
298, (2) 11 23  end
299, (2) 11 24  end
300, (2) 11 25  end
301, (2) 11 26  end
302, (2) 11 27  end
303, (2) 11 28  end
304, (2) 11 29  end
305, (2) 11 30  end
306, (2) 11 31  end
307, (2) 12 13  end
308, (2) 12 14  end
309, (2) 12 15  end
310, (2) 12 16  end
311, (2) 12 17  end
312, (2) 12 18  end
313, (2) 12 19  end
314, (2) 12 20  end
315, (2) 12 21  end
316, (2) 12 22  end
317, (2) 12 23  end
318, (2) 12 24  end
319, (2) 12 25  end
320, (2) 12 26  end
321, (2) 12 27  end
322, (2) 12 28  end
323, (2) 12 29  end
324, (2) 12 30  end
325, (2) 12 31  end
326, (2) 13 14  end
327, (2) 13 15  end
328, (2) 13 16  end
329, (2) 13 17  end
330, (2) 13 18  end
331, (2) 13 19  end
332, (2) 13 20  end
333, (2) 13 21  end
334, (2) 13 22  end
335, (2) 13 23  end
336, (2) 13 24  end
337, (2) 13 25  end
338, (2) 13 26  end
339, (2) 13 27  end
340, (2) 13 28  end
341, (2) 13 29  end
342, (2) 13 30  end
343, (2) 13 31  end
344, (2) 14 15  end
345, (2) 14 16  end
346, (2) 14 17  end
347, (2) 14 18  end
348, (2) 14 19  end
349, (2) 14 20  end
350, (2) 14 21  end
351, (2) 14 22  end
352, (2) 14 23  end
353, (2) 14 24  end
354, (2) 14 25  end
355, (2) 14 26  end
356, (2) 14 27  end
357, (2) 14 28  end
358, (2) 14 29  end
359, (2) 14 30  end
360, (2) 14 31  end
361, (2) 15 16  end
362, (2) 15 17  end
363, (2) 15 18  end
364, (2) 15 19  end
365, (2) 15 20  end
366, (2) 15 21  end
367, (2) 15 22  end
368, (2) 15 23  end
369, (2) 15 24  end
370, (2) 15 25  end
371, (2) 15 26  end
372, (2) 15 27  end
373, (2) 15 28  end
374, (2) 15 29  end
375, (2) 15 30  end
376, (2) 15 31  end
377, (2) 16 17  end
378, (2) 16 18  end
379, (2) 16 19  end
380, (2) 16 20  end
381, (2) 16 21  end
382, (2) 16 22  end
383, (2) 16 23  end
384, (2) 16 24  end
385, (2) 16 25  end
386, (2) 16 26  end
387, (2) 16 27  end
388, (2) 16 28  end
389, (2) 16 29  end
390, (2) 16 30  end
391, (2) 16 31  end
392, (2) 17 18  end
393, (2) 17 19  end
394, (2) 17 20  end
395, (2) 17 21  end
396, (2) 17 22  end
397, (2) 17 23  end
398, (2) 17 24  end
399, (2) 17 25  end
400, (2) 17 26  end
401, (2) 17 27  end
402, (2) 17 28  end
403, (2) 17 29  end
404, (2) 17 30  end
405, (2) 17 31  end
406, (2) 18 19  end
407, (2) 18 20  end
408, (2) 18 21  end
409, (2) 18 22  end
410, (2) 18 23  end
411, (2) 18 24  end
412, (2) 18 25  end
413, (2) 18 26  end
414, (2) 18 27  end
415, (2) 18 28  end
416, (2) 18 29  end
417, (2) 18 30  end
418, (2) 18 31  end
419, (2) 19 20  end
420, (2) 19 21  end
421, (2) 19 22  end
422, (2) 19 23  end
423, (2) 19 24  end
424, (2) 19 25  end
425, (2) 19 26  end
426, (2) 19 27  end
427, (2) 19 28  end
428, (2) 19argc == 7
T : 9 候補区間: 0 --> 3
submodular subsets: 
1, (3) 0 1 2  end
2, (3) 2 3 4  end
3, (3) 4 5 6  end
4, (3) 6 7 8  end
5, (3) 8 9 10  end
6, (3) 10 11 12  end
7, (3) 12 13 14  end
8, (3) 14 15 16  end
9, (3) 16 17 18  end
10, (3) 18 19 20  end
11, (3) 20 21 22  end
12, (3) 22 23 24  end
13, (3) 24 25 26  end
14, (3) 26 27 28  end
15, (3) 28 29 30  end
16, (2) 30 31  end
----------------------------------------------
input_file: input/venus_
output_file: output/venus_0_3_3.bmp
label_size: 32
range_size: 3
lambda: 3
T: 9.00
Data term: Dt
Vpq(fp, fq) = (fp - fq)^2
Energy (before): 254019
Energy (after): 150712
Italation: 64
Run time[83.88]
Error rate : 45.019913
----------------------------------------------
argc == 7
T : 16 候補区間: 0 --> 4
submodular subsets: 
1, (4) 0 1 2 3  end
2, (4) 3 4 5 6  end
3, (4) 6 7 8 9  end
4, (4) 9 10 11 12  end
5, (4) 12 13 14 15  end
6, (4) 15 16 17 18  end
7, (4) 18 19 20 21  end
8, (4) 21 22 23 24  end
9, (4) 24 25 26 27  end
10, (4) 27 28 29 30  end
11, (2) 30 31  end
----------------------------------------------
input_file: input/venus_
output_file: output/venus_0_3_4.bmp
label_size: 32
range_size: 4
lambda: 3
T: 16.00
Data term: Dt
Vpq(fp, fq) = (fp - fq)^2
Energy (before): 254019
Energy (after): 139605
Italation: 121
Run time[305.09]
Error rate : 32.422904
----------------------------------------------
argc == 7
T : 25 候補区間: 0 --> 5
submodular subsets: 
1, (5) 0 1 2 3 4  end
2, (5) 4 5 6 7 8  end
3, (5) 8 9 10 11 12  end
4, (5) 12 13 14 15 16  end
5, (5) 16 17 18 19 20  end
6, (5) 20 21 22 23 24  end
7, (5) 24 25 26 27 28  end
8, (4) 28 29 30 31  end
----------------------------------------------
input_file: input/venus_
output_file: output/venus_0_3_5.bmp
label_size: 32
range_size: 5
lambda: 3
T: 25.00
Data term: Dt
Vpq(fp, fq) = (fp - fq)^2
Energy (before): 254019
Energy (after): 92142
Italation: 72
Run time[313.06]
Error rate : 24.473896
----------------------------------------------
argc == 7
T : 36 候補区間: 0 --> 6
submodular subsets: 
1, (6) 0 1 2 3 4 5  end
2, (6) 5 6 7 8 9 10  end
3, (6) 10 11 12 13 14 15  end
4, (6) 15 16 17 18 19 20  end
5, (6) 20 21 22 23 24 25  end
6, (6) 25 26 27 28 29 30  end
7, (2) 30 31  end
----------------------------------------------
input_file: input/venus_
output_file: output/venus_0_3_6.bmp
label_size: 32
range_size: 6
lambda: 3
T: 36.00
Data term: Dt
Vpq(fp, fq) = (fp - fq)^2
Energy (before): 254019
Energy (after): 91722
Italation: 56
Run time[334.40]
Error rate : 23.557652
----------------------------------------------
argc == 7
T : 49 候補区間: 0 --> 7
submodular subsets: 
1, (7) 0 1 2 3 4 5 6  end
2, (7) 6 7 8 9 10 11 12  end
3, (7) 12 13 14 15 16 17 18  end
4, (7) 18 19 20 21 22 23 24  end
5, (7) 24 25 26 27 28 29 30  end
6, (2) 30 31  end
----------------------------------------------
input_file: input/venus_
output_file: output/venus_0_3_7.bmp
label_size: 32
range_size: 7
lambda: 3
T: 49.00
Data term: Dt
Vpq(fp, fq) = (fp - fq)^2
Energy (before): 254019
Energy (after): 89632
Italation: 60
Run time[522.93]
Error rate : 21.950765
----------------------------------------------
argc == 7
T : 64 候補区間: 0 --> 8
submodular subsets: 
1, (8) 0 1 2 3 4 5 6 7  end
2, (8) 7 8 9 10 11 12 13 14  end
3, (8) 14 15 16 17 18 19 20 21  end
4, (8) 21 22 23 24 25 26 27 28  end
5, (4) 28 29 30 31  end
----------------------------------------------
input_file: input/venus_
output_file: output/venus_0_3_8.bmp
label_size: 32
range_size: 8
lambda: 3
T: 64.00
Data term: Dt
Vpq(fp, fq) = (fp - fq)^2
Energy (before): 254019
Energy (after): 86030
Italation: 60
Run time[849.62]
Error rate : 26.615009
----------------------------------------------
