argc == 7
T : 4 候補区間: 0 --> 2
submodular subsets: 
1, (2) 0 1  end
2, (2) 0 2  end
3, (2) 0 3  end
4, (2) 0 4  end
5, (2) 0 5  end
6, (2) 0 6  end
7, (2) 0 7  end
8, (2) 0 8  end
9, (2) 0 9  end
10, (2) 0 10  end
11, (2) 0 11  end
12, (2) 0 12  end
13, (2) 0 13  end
14, (2) 0 14  end
15, (2) 0 15  end
16, (2) 1 2  end
17, (2) 1 3  end
18, (2) 1 4  end
19, (2) 1 5  end
20, (2) 1 6  end
21, (2) 1 7  end
22, (2) 1 8  end
23, (2) 1 9  end
24, (2) 1 10  end
25, (2) 1 11  end
26, (2) 1 12  end
27, (2) 1 13  end
28, (2) 1 14  end
29, (2) 1 15  end
30, (2) 2 3  end
31, (2) 2 4  end
32, (2) 2 5  end
33, (2) 2 6  end
34, (2) 2 7  end
35, (2) 2 8  end
36, (2) 2 9  end
37, (2) 2 10  end
38, (2) 2 11  end
39, (2) 2 12  end
40, (2) 2 13  end
41, (2) 2 14  end
42, (2) 2 15  end
43, (2) 3 4  end
44, (2) 3 5  end
45, (2) 3 6  end
46, (2) 3 7  end
47, (2) 3 8  end
48, (2) 3 9  end
49, (2) 3 10  end
50, (2) 3 11  end
51, (2) 3 12  end
52, (2) 3 13  end
53, (2) 3 14  end
54, (2) 3 15  end
55, (2) 4 5  end
56, (2) 4 6  end
57, (2) 4 7  end
58, (2) 4 8  end
59, (2) 4 9  end
60, (2) 4 10  end
61, (2) 4 11  end
62, (2) 4 12  end
63, (2) 4 13  end
64, (2) 4 14  end
65, (2) 4 15  end
66, (2) 5 6  end
67, (2) 5 7  end
68, (2) 5 8  end
69, (2) 5 9  end
70, (2) 5 10  end
71, (2) 5 11  end
72, (2) 5 12  end
73, (2) 5 13  end
74, (2) 5 14  end
75, (2) 5 15  end
76, (2) 6 7  end
77, (2) 6 8  end
78, (2) 6 9  end
79, (2) 6 10  end
80, (2) 6 11  end
81, (2) 6 12  end
82, (2) 6 13  end
83, (2) 6 14  end
84, (2) 6 15  end
85, (2) 7 8  end
86, (2) 7 9  end
87, (2) 7 10  end
88, (2) 7 11  end
89, (2) 7 12  end
90, (2) 7 13  end
91, (2) 7 14  end
92, (2) 7 15  end
93, (2) 8 9  end
94, (2) 8 10  end
95, (2) 8 11  end
96, (2) 8 12  end
97, (2) 8 13  end
98, (2) 8 14  end
99, (2) 8 15  end
100, (2) 9 10  end
101, (2) 9 11  end
102, (2) 9 12  end
103, (2) 9 13  end
104, (2) 9 14  end
105, (2) 9 15  end
106, (2) 10 11  end
107, (2) 10 12  end
108, (2) 10 13  end
109, (2) 10 14  end
110, (2) 10 15  end
111, (2) 11 12  end
112, (2) 11 13  end
113, (2) 11 14  end
114, (2) 11 15  end
115, (2) 12 13  end
116, (2) 12 14  end
117, (2) 12 15  end
118, (2) 13 14  end
119, (2) 13 15  end
120, (2) 14 15  end
----------------------------------------------
input_file: input/tsukuba_
output_file: output/tsukuba_0_4_2.bmp
label_size: 16
range_size: 2
lambda: 4
T: 4.00
Data term: Dt
Vpq(fp, fq) = (fp - fq)^2
Energy (before): 100595
Energy (after): 35757
Italation: 240
Run time[74.03]
Error rate : 17.832212
----------------------------------------------
argc == 7
T : 9 候補区間: 0 --> 3
submodular subsets: 
1, (3) 0 1 2  end
2, (3) 2 3 4  end
3, (3) 4 5 6  end
4, (3) 6 7 8  end
5, (3) 8 9 10  end
6, (3) 10 11 12  end
7, (3) 12 13 14  end
8, (2) 14 15  end
----------------------------------------------
input_file: input/tsukuba_
output_file: output/tsukuba_0_4_3.bmp
label_size: 16
range_size: 3
lambda: 4
T: 9.00
Data term: Dt
Vpq(fp, fq) = (fp - fq)^2
Energy (before): 100595
Energy (after): 35530
Italation: 16
Run time[20.22]
Error rate : 18.436234
----------------------------------------------
argc == 7
T : 16 候補区間: 0 --> 4
submodular subsets: 
1, (4) 0 1 2 3  end
2, (4) 3 4 5 6  end
3, (4) 6 7 8 9  end
4, (4) 9 10 11 12  end
5, (4) 12 13 14 15  end
----------------------------------------------
input_file: input/tsukuba_
output_file: output/tsukuba_0_4_4.bmp
label_size: 16
range_size: 4
lambda: 4
T: 16.00
Data term: Dt
Vpq(fp, fq) = (fp - fq)^2
Energy (before): 100595
Energy (after): 35576
Italation: 10
Run time[24.57]
Error rate : 18.427192
----------------------------------------------
argc == 7
T : 25 候補区間: 0 --> 5
submodular subsets: 
1, (5) 0 1 2 3 4  end
2, (5) 4 5 6 7 8  end
3, (5) 8 9 10 11 12  end
4, (4) 12 13 14 15  end
----------------------------------------------
input_file: input/tsukuba_
output_file: output/tsukuba_0_4_5.bmp
label_size: 16
range_size: 5
lambda: 4
T: 25.00
Data term: Dt
Vpq(fp, fq) = (fp - fq)^2
Energy (before): 100595
Energy (after): 35277
Italation: 8
Run time[42.73]
Error rate : 18.233688
----------------------------------------------
argc == 7
T : 36 候補区間: 0 --> 6
submodular subsets: 
1, (6) 0 1 2 3 4 5  end
2, (6) 5 6 7 8 9 10  end
3, (6) 10 11 12 13 14 15  end
----------------------------------------------
input_file: input/tsukuba_
output_file: output/tsukuba_0_4_6.bmp
label_size: 16
range_size: 6
lambda: 4
T: 36.00
Data term: Dt
Vpq(fp, fq) = (fp - fq)^2
Energy (before): 100595
Energy (after): 35265
Italation: 6
Run time[61.01]
Error rate : 18.254485
----------------------------------------------
argc == 7
T : 49 候補区間: 0 --> 7
submodular subsets: 
1, (7) 0 1 2 3 4 5 6  end
2, (7) 6 7 8 9 10 11 12  end
3, (4) 12 13 14 15  end
----------------------------------------------
input_file: input/tsukuba_
output_file: output/tsukuba_0_4_7.bmp
label_size: 16
range_size: 7
lambda: 4
T: 49.00
Data term: Dt
Vpq(fp, fq) = (fp - fq)^2
Energy (before): 100595
Energy (after): 35471
Italation: 6
Run time[59.88]
Error rate : 18.457031
----------------------------------------------
argc == 7
T : 64 候補区間: 0 --> 8
submodular subsets: 
1, (8) 0 1 2 3 4 5 6 7  end
2, (8) 7 8 9 10 11 12 13 14  end
3, (2) 14 15  end
----------------------------------------------
input_file: input/tsukuba_
output_file: output/tsukuba_0_4_8.bmp
label_size: 16
range_size: 8
lambda: 4
T: 64.00
Data term: Dt
Vpq(fp, fq) = (fp - fq)^2
Energy (before): 100595
Energy (after): 35419
Italation: 6
Run time[64.16]
Error rate : 17.773438
----------------------------------------------
