T :  候補区間: 0 --> 15
ss->number = 120
total_ss_count: 120
submodular subsets: 1, (2) 0 1  end
submodular subsets: 2, (2) 0 2  end
submodular subsets: 3, (2) 0 3  end
submodular subsets: 4, (2) 0 4  end
submodular subsets: 5, (2) 0 5  end
submodular subsets: 6, (2) 0 6  end
submodular subsets: 7, (2) 0 7  end
submodular subsets: 8, (2) 0 8  end
submodular subsets: 9, (2) 0 9  end
submodular subsets: 10, (2) 0 10  end
submodular subsets: 11, (2) 0 11  end
submodular subsets: 12, (2) 0 12  end
submodular subsets: 13, (2) 0 13  end
submodular subsets: 14, (2) 0 14  end
submodular subsets: 15, (2) 0 15  end
submodular subsets: 16, (2) 1 2  end
submodular subsets: 17, (2) 1 3  end
submodular subsets: 18, (2) 1 4  end
submodular subsets: 19, (2) 1 5  end
submodular subsets: 20, (2) 1 6  end
submodular subsets: 21, (2) 1 7  end
submodular subsets: 22, (2) 1 8  end
submodular subsets: 23, (2) 1 9  end
submodular subsets: 24, (2) 1 10  end
submodular subsets: 25, (2) 1 11  end
submodular subsets: 26, (2) 1 12  end
submodular subsets: 27, (2) 1 13  end
submodular subsets: 28, (2) 1 14  end
submodular subsets: 29, (2) 1 15  end
submodular subsets: 30, (2) 2 3  end
submodular subsets: 31, (2) 2 4  end
submodular subsets: 32, (2) 2 5  end
submodular subsets: 33, (2) 2 6  end
submodular subsets: 34, (2) 2 7  end
submodular subsets: 35, (2) 2 8  end
submodular subsets: 36, (2) 2 9  end
submodular subsets: 37, (2) 2 10  end
submodular subsets: 38, (2) 2 11  end
submodular subsets: 39, (2) 2 12  end
submodular subsets: 40, (2) 2 13  end
submodular subsets: 41, (2) 2 14  end
submodular subsets: 42, (2) 2 15  end
submodular subsets: 43, (2) 3 4  end
submodular subsets: 44, (2) 3 5  end
submodular subsets: 45, (2) 3 6  end
submodular subsets: 46, (2) 3 7  end
submodular subsets: 47, (2) 3 8  end
submodular subsets: 48, (2) 3 9  end
submodular subsets: 49, (2) 3 10  end
submodular subsets: 50, (2) 3 11  end
submodular subsets: 51, (2) 3 12  end
submodular subsets: 52, (2) 3 13  end
submodular subsets: 53, (2) 3 14  end
submodular subsets: 54, (2) 3 15  end
submodular subsets: 55, (2) 4 5  end
submodular subsets: 56, (2) 4 6  end
submodular subsets: 57, (2) 4 7  end
submodular subsets: 58, (2) 4 8  end
submodular subsets: 59, (2) 4 9  end
submodular subsets: 60, (2) 4 10  end
submodular subsets: 61, (2) 4 11  end
submodular subsets: 62, (2) 4 12  end
submodular subsets: 63, (2) 4 13  end
submodular subsets: 64, (2) 4 14  end
submodular subsets: 65, (2) 4 15  end
submodular subsets: 66, (2) 5 6  end
submodular subsets: 67, (2) 5 7  end
submodular subsets: 68, (2) 5 8  end
submodular subsets: 69, (2) 5 9  end
submodular subsets: 70, (2) 5 10  end
submodular subsets: 71, (2) 5 11  end
submodular subsets: 72, (2) 5 12  end
submodular subsets: 73, (2) 5 13  end
submodular subsets: 74, (2) 5 14  end
submodular subsets: 75, (2) 5 15  end
submodular subsets: 76, (2) 6 7  end
submodular subsets: 77, (2) 6 8  end
submodular subsets: 78, (2) 6 9  end
submodular subsets: 79, (2) 6 10  end
submodular subsets: 80, (2) 6 11  end
submodular subsets: 81, (2) 6 12  end
submodular subsets: 82, (2) 6 13  end
submodular subsets: 83, (2) 6 14  end
submodular subsets: 84, (2) 6 15  end
submodular subsets: 85, (2) 7 8  end
submodular subsets: 86, (2) 7 9  end
submodular subsets: 87, (2) 7 10  end
submodular subsets: 88, (2) 7 11  end
submodular subsets: 89, (2) 7 12  end
submodular subsets: 90, (2) 7 13  end
submodular subsets: 91, (2) 7 14  end
submodular subsets: 92, (2) 7 15  end
submodular subsets: 93, (2) 8 9  end
submodular subsets: 94, (2) 8 10  end
submodular subsets: 95, (2) 8 11  end
submodular subsets: 96, (2) 8 12  end
submodular subsets: 97, (2) 8 13  end
submodular subsets: 98, (2) 8 14  end
submodular subsets: 99, (2) 8 15  end
submodular subsets: 100, (2) 9 10  end
submodular subsets: 101, (2) 9 11  end
submodular subsets: 102, (2) 9 12  end
submodular subsets: 103, (2) 9 13  end
submodular subsets: 104, (2) 9 14  end
submodular subsets: 105, (2) 9 15  end
submodular subsets: 106, (2) 10 11  end
submodular subsets: 107, (2) 10 12  end
submodular subsets: 108, (2) 10 13  end
submodular subsets: 109, (2) 10 14  end
submodular subsets: 110, (2) 10 15  end
submodular subsets: 111, (2) 11 12  end
submodular subsets: 112, (2) 11 13  end
submodular subsets: 113, (2) 11 14  end
submodular subsets: 114, (2) 11 15  end
submodular subsets: 115, (2) 12 13  end
submodular subsets: 116, (2) 12 14  end
submodular subsets: 117, (2) 12 15  end
submodular subsets: 118, (2) 13 14  end
submodular subsets: 119, (2) 13 15  end
submodular subsets: 120, (2) 14 15  end
----------------------------------------------
input_file: input/tsukuba_
output_file: output/tsukuba_1_2.bmp
label_size: 16
range_size: 2
lambda: 1
T: 4.00
Vpq(fp, fq) = (fp - fq)^2
Energy (before): 139094
Energy : 127024
Energy : 126791
Energy : 126752
Energy : 126476
Energy : 126146
Energy : 126082
Energy : 126072
Energy : 125920
Energy : 125889
Energy : 125677
Energy : 125321
Energy : 125321
Energy : 125321
Energy : 125312
Energy : 125312
Energy : 115092
Energy : 114926
Energy : 114919
Energy : 114762
Energy : 114562
Energy : 114504
Energy : 114430
Energy : 114366
Energy : 114222
Energy : 114075
Energy : 114072
Energy : 114071
Energy : 114038
Energy : 114038
Energy : 106049
Energy : 105956
Energy : 105791
Energy : 105612
Energy : 105567
Energy : 105455
Energy : 105408
Energy : 105288
Energy : 105284
Energy : 105266
Energy : 105256
Energy : 105243
Energy : 105243
Energy : 95986
Energy : 95754
Energy : 95733
Energy : 95611
Energy : 95603
Energy : 95597
Energy : 95558
Energy : 95549
Energy : 95528
Energy : 95528
Energy : 95527
Energy : 95527
Energy : 88567
Energy : 88447
Energy : 88447
Energy : 88359
Energy : 88257
Energy : 88215
Energy : 88212
Energy : 88212
Energy : 88166
Energy : 88166
Energy : 88166
Energy : 85091
Energy : 85050
Energy : 85034
Energy : 85012
Energy : 84987
Energy : 84985
Energy : 84984
Energy : 84984
Energy : 84984
Energy : 84984
Energy : 82626
Energy : 82607
Energy : 82593
Energy : 82561
Energy : 82555
Energy : 82555
Energy : 82555
Energy : 82555
Energy : 82555
Energy : 79931
Energy : 79907
Energy : 79821
Energy : 79800
Energy : 79800
Energy : 79800
Energy : 79800
Energy : 79800
Energy : 77826
Energy : 77819
Energy : 77810
Energy : 77810
Energy : 77800
Energy : 77800
Energy : 77800
Energy : 76196
Energy : 76196
Energy : 76196
Energy : 76196
Energy : 76186
Energy : 76186
Energy : 75783
Energy : 75783
Energy : 75782
Energy : 75782
Energy : 75782
Energy : 75443
Energy : 75443
Energy : 75438
Energy : 75438
Energy : 75149
Energy : 75149
Energy : 75149
Energy : 74870
Energy : 74870
Energy : 74870
Energy : 74739
Energy : 74729
Energy : 74647
Energy : 74455
Energy : 74138
Energy : 74085
Energy : 73992
Energy : 73944
Energy : 73840
Energy : 73795
Energy : 73764
Energy : 73761
Energy : 73757
Energy : 73730
Energy : 73730
Energy : 73153
Energy : 73061
Energy : 72923
Energy : 72712
Energy : 72671
Energy : 72634
Energy : 72575
Energy : 72535
Energy : 72434
Energy : 72427
Energy : 72427
Energy : 72410
Energy : 72398
Energy : 72398
Energy : 71421
Energy : 71309
Energy : 71248
Energy : 71240
Energy : 71153
Energy : 71049
Energy : 71006
Energy : 70967
Energy : 70918
Energy : 70912
Energy : 70800
Energy : 70792
Energy : 70792
Energy : 69129
Energy : 69029
Energy : 68981
Energy : 68943
Energy : 68907
Energy : 68892
Energy : 68861
Energy : 68842
Energy : 68830
Energy : 68825
Energy : 68796
Energy : 68796
Energy : 66609
Energy : 66587
Energy : 66527
Energy : 66526
Energy : 66504
Energy : 66501
Energy : 66499
Energy : 66499
Energy : 66409
Energy : 66404
Energy : 66404
Energy : 65293
Energy : 65289
Energy : 65278
Energy : 65259
Energy : 65229
Energy : 65110
Energy : 65110
Energy : 65110
Energy : 65106
Energy : 65106
Energy : 64297
Energy : 64281
Energy : 64275
Energy : 64256
Energy : 64256
Energy : 64256
Energy : 64256
Energy : 64256
Energy : 64256
Energy : 63311
Energy : 63274
Energy : 63253
Energy : 63253
Energy : 63253
Energy : 63242
Energy : 63242
Energy : 63242
Energy : 62318
Energy : 62241
Energy : 62237
Energy : 62231
Energy : 62230
Energy : 62230
Energy : 62230
Energy : 60860
Energy : 60855
Energy : 60855
Energy : 60853
Energy : 60852
Energy : 60852
Energy : 60393
Energy : 60393
Energy : 60312
Energy : 60312
Energy : 60312
Energy : 60145
Energy : 60145
Energy : 60145
Energy : 60145
Energy : 59893
Energy : 59893
Energy : 59893
Energy : 59526
Energy : 59526
Energy : 59526
Energy : 59446
Energy : 59445
Energy : 59443
Energy : 59246
Energy : 59125
Energy : 59117
Energy : 59071
Energy : 58990
Energy : 58879
Energy : 58870
Energy : 58868
Energy : 58863
Energy : 58856
Energy : 58846
Energy : 58846
Energy : 58682
Energy : 58675
Energy : 58624
Energy : 58536
Energy : 58523
Energy : 58474
Energy : 58401
Energy : 58371
Energy : 58364
Energy : 58344
Energy : 58334
Energy : 58232
Energy : 58227
Energy : 58227
Energy : 57859
Energy : 57799
Energy : 57761
Energy : 57728
Energy : 57667
Energy : 57575
Energy : 57565
Energy : 57564
Energy : 57546
Energy : 57538
Energy : 57519
Energy : 57509
Energy : 57509
Energy : 56778
Energy : 56763
Energy : 56763
Energy : 56713
Energy : 56696
Energy : 56685
Energy : 56685
Energy : 56677
Energy : 56671
Energy : 56654
Energy : 56645
Energy : 56645
Energy : 55610
Energy : 55596
Energy : 55590
Energy : 55562
Energy : 55557
Energy : 55531
Energy : 55518
Energy : 55518
Energy : 55513
Energy : 55499
Energy : 55499
Energy : 55066
Energy : 55001
Energy : 54992
Energy : 54991
Energy : 54988
Energy : 54982
Energy : 54982
Energy : 54967
Energy : 54967
Energy : 54967
Energy : 54698
Energy : 54695
Energy : 54695
Energy : 54658
Energy : 54658
Energy : 54656
Energy : 54656
Energy : 54656
Energy : 54656
Energy : 54199
Energy : 54196
Energy : 54195
Energy : 54177
Energy : 54176
Energy : 54176
Energy : 54172
Energy : 54172
Energy : 53943
Energy : 53942
Energy : 53940
Energy : 53934
Energy : 53880
Energy : 53875
Energy : 53875
Energy : 53482
Energy : 53482
Energy : 53482
Energy : 53476
Energy : 53474
Energy : 53474
Energy : 53344
Energy : 53342
Energy : 53294
Energy : 53294
Energy : 53294
Energy : 53244
Energy : 53238
Energy : 53238
Energy : 53238
Energy : 53050
Energy : 53050
Energy : 53050
Energy : 52834
Energy : 52834
Energy : 52834
Energy : 52824
Energy : 52824
Energy : 52823
Energy : 52821
Energy : 52799
Energy : 52782
Energy : 52696
Energy : 52650
Energy : 52649
Energy : 52649
Energy : 52649
Energy : 52642
Energy : 52600
Energy : 52596
Energy : 52596
Energy : 52531
Energy : 52531
Energy : 52531
Energy : 52472
Energy : 52454
Energy : 52422
Energy : 52343
Energy : 52343
Energy : 52343
Energy : 52337
Energy : 52326
Energy : 52280
Energy : 52280
Energy : 52280
Energy : 52136
Energy : 52102
Energy : 52097
Energy : 52089
Energy : 52065
Energy : 52039
Energy : 52039
Energy : 52039
Energy : 52016
Energy : 52005
Energy : 52003
Energy : 51999
Energy : 51999
Energy : 51680
Energy : 51652
Energy : 51652
Energy : 51526
Energy : 51526
Energy : 51526
Energy : 51516
Energy : 51499
Energy : 51499
Energy : 51499
Energy : 51499
Energy : 51499
Energy : 51121
Energy : 51100
Energy : 51092
Energy : 51086
Energy : 51086
Energy : 51074
Energy : 51074
Energy : 51074
Energy : 51074
Energy : 51074
Energy : 51074
Energy : 50756
Energy : 50735
Energy : 50733
Energy : 50733
Energy : 50687
Energy : 50682
Energy : 50673
Energy : 50673
Energy : 50673
Energy : 50673
Energy : 50288
Energy : 50288
Energy : 50288
Energy : 50282
Energy : 50280
Energy : 50280
Energy : 50280
Energy : 50280
Energy : 50280
Energy : 49620
Energy : 49602
Energy : 49595
Energy : 49595
Energy : 49595
Energy : 49595
Energy : 49594
Energy : 49594
Energy : 49201
Energy : 49199
Energy : 49199
Energy : 49199
Energy : 49199
Energy : 49195
Energy : 49195
Energy : 48754
Energy : 48754
Energy : 48750
Energy : 48745
Energy : 48745
Energy : 48745
Energy : 48522
Energy : 48522
Energy : 48522
Energy : 48522
Energy : 48522
Energy : 48471
Energy : 48471
Energy : 48471
Energy : 48471
Energy : 48332
Energy : 48332
Energy : 48332
Energy : 48185
Energy : 48185
Energy : 48185
Energy : 48185
Energy : 48184
Energy : 48181
Energy : 48169
Energy : 48135
Energy : 48134
Energy : 48111
Energy : 48057
Energy : 48057
Energy : 48057
Energy : 48057
Energy : 48057
Energy : 48027
Energy : 48021
Energy : 48021
Energy : 47945
Energy : 47927
Energy : 47911
Energy : 47871
Energy : 47858
Energy : 47797
Energy : 47779
Energy : 47779
Energy : 47779
Energy : 47779
Energy : 47779
Energy : 47779
Energy : 47757
Energy : 47757
Energy : 47652
Energy : 47630
Energy : 47609
Energy : 47603
Energy : 47585
Energy : 47580
Energy : 47577
Energy : 47577
Energy : 47577
Energy : 47577
Energy : 47577
Energy : 47577
Energy : 47577
Energy : 47318
Energy : 47318
Energy : 47317
Energy : 47301
Energy : 47292
Energy : 47292
Energy : 47292
Energy : 47289
Energy : 47287
Energy : 47286
Energy : 47286
Energy : 47286
Energy : 46932
Energy : 46932
Energy : 46932
Energy : 46931
Energy : 46931
Energy : 46929
Energy : 46921
Energy : 46921
Energy : 46921
Energy : 46921
Energy : 46921
Energy : 46839
Energy : 46819
Energy : 46809
Energy : 46809
Energy : 46805
Energy : 46803
Energy : 46803
Energy : 46803
Energy : 46803
Energy : 46803
Energy : 46723
Energy : 46723
Energy : 46723
Energy : 46723
Energy : 46723
Energy : 46723
Energy : 46723
Energy : 46723
Energy : 46723
Energy : 46578
Energy : 46574
Energy : 46574
Energy : 46572
Energy : 46572
Energy : 46572
Energy : 46572
Energy : 46572
Energy : 46512
Energy : 46512
Energy : 46512
Energy : 46512
Energy : 46512
Energy : 46512
Energy : 46512
Energy : 46327
Energy : 46327
Energy : 46327
Energy : 46319
Energy : 46315
Energy : 46315
Energy : 46243
Energy : 46243
Energy : 46243
Energy : 46243
Energy : 46243
Energy : 46235
Energy : 46235
Energy : 46235
Energy : 46235
Energy : 46222
Energy : 46222
Energy : 46222
Energy : 46156
Energy : 46156
Energy : 46155
Energy : 46151
Energy : 46151
Energy : 46151
Energy : 46147
Energy : 46143
Energy : 46101
Energy : 46096
Energy : 46091
Energy : 46091
Energy : 46091
Energy : 46091
Energy : 46091
Energy : 46091
Energy : 46088
Energy : 46088
Energy : 46076
Energy : 46074
Energy : 46072
Energy : 46024
Energy : 46022
Energy : 46018
Energy : 46013
Energy : 46013
Energy : 46013
Energy : 46013
Energy : 46013
Energy : 46013
Energy : 46013
Energy : 46013
Energy : 45989
Energy : 45975
Energy : 45975
Energy : 45975
Energy : 45969
Energy : 45967
Energy : 45967
Energy : 45967
Energy : 45967
Energy : 45967
Energy : 45967
Energy : 45967
Energy : 45967
Energy : 45933
Energy : 45933
Energy : 45933
Energy : 45931
Energy : 45931
Energy : 45931
Energy : 45931
Energy : 45927
Energy : 45927
Energy : 45927
Energy : 45926
Energy : 45926
Energy : 45873
Energy : 45873
Energy : 45873
Energy : 45870
Energy : 45870
Energy : 45870
Energy : 45870
Energy : 45870
Energy : 45870
Energy : 45870
Energy : 45870
Energy : 45856
Energy : 45856
Energy : 45856
Energy : 45856
Energy : 45856
Energy : 45856
Energy : 45856
Energy : 45856
Energy : 45856
Energy : 45856
Energy : 45822
Energy : 45822
Energy : 45822
Energy : 45822
Energy : 45822
Energy : 45822
Energy : 45822
Energy : 45822
Energy : 45822
Energy : 45802
Energy : 45802
Energy : 45802
Energy : 45802
Energy : 45802
Energy : 45786
Energy : 45786
Energy : 45786
Energy : 45783
Energy : 45783
Energy : 45783
Energy : 45783
Energy : 45783
Energy : 45780
Energy : 45780
Energy : 45776
Energy : 45776
Energy : 45776
Energy : 45776
Energy : 45776
Energy : 45776
Energy : 45775
Energy : 45775
Energy : 45775
Energy : 45774
Energy : 45774
Energy : 45772
Energy : 45772
Energy : 45772
Energy : 45772
Energy : 45761
Energy : 45761
Energy : 45761
Energy : 45738
Energy : 45738
Energy : 45738
Energy : 45736
Energy : 45736
Energy : 45735
Energy : 45716
Energy : 45713
Energy : 45713
Energy : 45712
Energy : 45708
Energy : 45708
Energy : 45708
Energy : 45708
Energy : 45708
Energy : 45707
Energy : 45707
Energy : 45707
Energy : 45666
Energy : 45663
Energy : 45663
Energy : 45653
Energy : 45653
Energy : 45646
Energy : 45645
Energy : 45645
Energy : 45645
Energy : 45645
Energy : 45645
Energy : 45645
Energy : 45645
Energy : 45645
Energy : 45567
Energy : 45553
Energy : 45553
Energy : 45553
Energy : 45553
Energy : 45548
Energy : 45548
Energy : 45548
Energy : 45548
Energy : 45547
Energy : 45547
Energy : 45547
Energy : 45547
Energy : 45386
Energy : 45386
Energy : 45386
Energy : 45386
Energy : 45385
Energy : 45385
Energy :