T : 3 候補区間: 0 --> 2
T : 3 候補区間: 3 --> 15
total_ss_count = 120
----------------------------------------------
input_file: input/tsukuba_
output_file: output/tsukuba_5_2.bmp
label_size: 16
range_size: 2
lambda: 5
T: 3.00
Vpq(fp, fq) = (fp - fq)^2
height 288, width 384
Energy (before): 139094
err 62986.500000 -> 62987.500000
8 9 
err 62973.500000 -> 62974.500000
8 9 
err 62940.500000 -> 62941.500000
8 9 
err 62940.500000 -> 62941.500000
8 9 
Energy (after): 62940
Italation: 840
Run time[221.79]
エネルギーが増大する移動が確認されました
Error rate : 19.498698
----------------------------------------------
