T : 9 候補区間: 0 --> 3
submodular subsets: 
1, (3) 0 1 2  end
2, (3) 2 3 4  end
3, (3) 4 5 6  end
4, (3) 6 7 8  end
5, (3) 8 9 10  end
6, (3) 10 11 12  end
7, (3) 12 13 14  end
8, (2) 14 15  end
----------------------------------------------
input_file: input/tsukuba_
output_file: output/force_grsa_only_tsukuba_0_7_3.bmp
label_size: 16
range_size: 3
lambda: 7
T: 9.00
Data term: Dt
Vpq(fp, fq) = (fp - fq)^2
Energy (before): 14400354416
Energy (after): 5760189054
Iteration: 76
Run time[54.19]
Error rate : 13.733362
----------------------------------------------
T : 16 候補区間: 0 --> 4
submodular subsets: 
1, (4) 0 1 2 3  end
2, (4) 3 4 5 6  end
3, (4) 6 7 8 9  end
4, (4) 9 10 11 12  end
5, (4) 12 13 14 15  end
----------------------------------------------
input_file: input/tsukuba_
output_file: output/force_grsa_only_tsukuba_0_7_4.bmp
label_size: 16
range_size: 4
lambda: 7
T: 16.00
Data term: Dt
Vpq(fp, fq) = (fp - fq)^2
Energy (before): 14400354416
Energy (after): 8640181805
Iteration: 42
Run time[62.84]
Error rate : 13.941334
----------------------------------------------
T : 25 候補区間: 0 --> 5
submodular subsets: 
1, (5) 0 1 2 3 4  end
2, (5) 4 5 6 7 8  end
3, (5) 8 9 10 11 12  end
4, (4) 12 13 14 15  end
----------------------------------------------
input_file: input/tsukuba_
output_file: output/force_grsa_only_tsukuba_0_7_5.bmp
label_size: 16
range_size: 5
lambda: 7
T: 25.00
Data term: Dt
Vpq(fp, fq) = (fp - fq)^2
Energy (before): 14400354416
Energy (after): 11520144292
Iteration: 30
Run time[71.62]
Error rate : 10.371455
----------------------------------------------
T : 36 候補区間: 0 --> 6
submodular subsets: 
1, (6) 0 1 2 3 4 5  end
2, (6) 5 6 7 8 9 10  end
3, (6) 10 11 12 13 14 15  end
----------------------------------------------
input_file: input/tsukuba_
output_file: output/force_grsa_only_tsukuba_0_7_6.bmp
label_size: 16
range_size: 6
lambda: 7
T: 36.00
Data term: Dt
Vpq(fp, fq) = (fp - fq)^2
Energy (before): 14400354416
Energy (after): 177737
Iteration: 22
Run time[91.41]
Error rate : 13.363534
----------------------------------------------
T : 49 候補区間: 0 --> 7
submodular subsets: 
1, (7) 0 1 2 3 4 5 6  end
2, (7) 6 7 8 9 10 11 12  end
3, (4) 12 13 14 15  end
----------------------------------------------
input_file: input/tsukuba_
output_file: output/force_grsa_only_tsukuba_0_7_7.bmp
label_size: 16
range_size: 7
lambda: 7
T: 49.00
Data term: Dt
Vpq(fp, fq) = (fp - fq)^2
Energy (before): 14400354416
Energy (after): 171768
Iteration: 28
Run time[123.64]
Error rate : 11.530671
----------------------------------------------
