T : 22 候補区間: 0 --> 2
T : 22 候補区間: 3 --> 15
total_ss_count = 1
----------------------------------------------
input_file: input/tsukuba_
output_file: output/tsukuba_1.bmp
label_size: 16
range_size: 16
lambda: 1
T: 22.50
Vpq(fp, fq) = (fp - fq)^2
height 288, width 384
Energy (before): 139094
Energy (after): 32940
Italation: 1
Run time[43.89]
Error rate : 11.960178
----------------------------------------------
T : 22 候補区間: 0 --> 2
T : 22 候補区間: 3 --> 15
total_ss_count = 1
----------------------------------------------
input_file: input/tsukuba_
output_file: output/tsukuba_2.bmp
label_size: 16
range_size: 16
lambda: 2
T: 22.50
Vpq(fp, fq) = (fp - fq)^2
height 288, width 384
Energy (before): 139094
Energy (after): 43379
Italation: 1
Run time[51.83]
Error rate : 17.119683
----------------------------------------------
T : 22 候補区間: 0 --> 2
T : 22 候補区間: 3 --> 15
total_ss_count = 1
----------------------------------------------
input_file: input/tsukuba_
output_file: output/tsukuba_3.bmp
label_size: 16
range_size: 16
lambda: 3
T: 22.50
Vpq(fp, fq) = (fp - fq)^2
height 288, width 384
Energy (before): 139094
Energy (after): 50364
Italation: 1
Run time[64.25]
Error rate : 20.099103
----------------------------------------------
T : 22 候補区間: 0 --> 2
T : 22 候補区間: 3 --> 15
total_ss_count = 1
----------------------------------------------
input_file: input/tsukuba_
output_file: output/tsukuba_4.bmp
label_size: 16
range_size: 16
lambda: 4
T: 22.50
Vpq(fp, fq) = (fp - fq)^2
height 288, width 384
Energy (before): 139094
Energy (after): 56867
Italation: 1
Run time[60.33]
Error rate : 20.444517
----------------------------------------------
T : 22 候補区間: 0 --> 2
T : 22 候補区間: 3 --> 15
total_ss_count = 1
----------------------------------------------
input_file: input/tsukuba_
output_file: output/tsukuba_5.bmp
label_size: 16
range_size: 16
lambda: 5
T: 22.50
Vpq(fp, fq) = (fp - fq)^2
height 288, width 384
Energy (before): 139094
Energy (after): 63162
Italation: 1
Run time[73.64]
Error rate : 20.614511
----------------------------------------------
T : 22 候補区間: 0 --> 2
T : 22 候補区間: 3 --> 15
total_ss_count = 1
----------------------------------------------
input_file: input/tsukuba_
output_file: output/tsukuba_6.bmp
label_size: 16
range_size: 16
lambda: 6
T: 22.50
Vpq(fp, fq) = (fp - fq)^2
height 288, width 384
Energy (before): 139094
Energy (after): 68967
Italation: 1
Run time[80.80]
Error rate : 21.015987
----------------------------------------------
T : 22 候補区間: 0 --> 2
T : 22 候補区間: 3 --> 15
total_ss_count = 1
----------------------------------------------
input_file: input/tsukuba_
output_file: output/tsukuba_7.bmp
label_size: 16
range_size: 16
lambda: 7
T: 22.50
Vpq(fp, fq) = (fp - fq)^2
height 288, width 384
Energy (before): 139094
Energy (after): 74574
Italation: 1
Run time[114.27]
Error rate : 21.525969
----------------------------------------------
