submodular subsets: 
1, (2) 0 1  end
2, (2) 1 2  end
3, (2) 2 3  end
4, (2) 3 4  end
5, (2) 4 5  end
6, (2) 5 6  end
7, (2) 6 7  end
8, (2) 7 8  end
9, (2) 8 9  end
10, (2) 9 10  end
11, (2) 10 11  end
12, (2) 11 12  end
13, (2) 12 13  end
14, (2) 13 14  end
15, (2) 14 15  end
----------------------------------------------
input_file: input/tsukuba_
output_file: output/chenergy_grsa_harf_tsukuba_0_7_2.bmp
label_size: 16
range_size: 2
lambda: 7
T: 4.00
Data term: Dt
Vpq(fp, fq) = (fp - fq)^2
Energy (before): 374524
Energy (after): 240142
Iteration: 110
Run time[31.81]
Error rate : 18.831380
----------------------------------------------
T : 9 候補区間: 0 --> 3
submodular subsets: 
1, (3) 0 1 2  end
2, (3) 2 3 4  end
3, (3) 4 5 6  end
4, (3) 6 7 8  end
5, (3) 8 9 10  end
6, (3) 10 11 12  end
7, (3) 12 13 14  end
8, (2) 14 15  end
9, (3) 1 2 3  end
10, (3) 3 4 5  end
11, (3) 5 6 7  end
12, (3) 7 8 9  end
13, (3) 9 10 11  end
14, (3) 11 12 13  end
----------------------------------------------
input_file: input/tsukuba_
output_file: output/chenergy_grsa_harf_tsukuba_0_7_3.bmp
label_size: 16
range_size: 3
lambda: 7
T: 9.00
Data term: Dt
Vpq(fp, fq) = (fp - fq)^2
Energy (before): 374524
Energy (after): 174498
Iteration: 103
Run time[75.15]
Error rate : 12.597656
----------------------------------------------
T : 16 候補区間: 0 --> 4
submodular subsets: 
1, (4) 0 1 2 3  end
2, (4) 3 4 5 6  end
3, (4) 6 7 8 9  end
4, (4) 9 10 11 12  end
5, (4) 12 13 14 15  end
7, (4) 2 3 4 5  end
8, (4) 5 6 7 8  end
9, (4) 8 9 10 11  end
10, (4) 11 12 13 14  end
----------------------------------------------
input_file: input/tsukuba_
output_file: output/chenergy_grsa_harf_tsukuba_0_7_4.bmp
label_size: 16
range_size: 4
lambda: 7
T: 16.00
Data term: Dt
Vpq(fp, fq) = (fp - fq)^2
Energy (before): 374524
Energy (after): 165485
Iteration: 53
Run time[81.52]
Error rate : 11.250362
----------------------------------------------
T : 25 候補区間: 0 --> 5
submodular subsets: 
1, (5) 0 1 2 3 4  end
2, (5) 4 5 6 7 8  end
3, (5) 8 9 10 11 12  end
4, (4) 12 13 14 15  end
5, (5) 2 3 4 5 6  end
6, (5) 6 7 8 9 10  end
----------------------------------------------
input_file: input/tsukuba_
output_file: output/chenergy_grsa_harf_tsukuba_0_7_5.bmp
label_size: 16
range_size: 5
lambda: 7
T: 25.00
Data term: Dt
Vpq(fp, fq) = (fp - fq)^2
Energy (before): 374524
Energy (after): 138362
Iteration: 39
Run time[96.11]
Error rate : 9.890408
----------------------------------------------
T : 36 候補区間: 0 --> 6
submodular subsets: 
1, (6) 0 1 2 3 4 5  end
2, (6) 5 6 7 8 9 10  end
3, (6) 10 11 12 13 14 15  end
5, (6) 3 4 5 6 7 8  end
6, (6) 8 9 10 11 12 13  end
----------------------------------------------
input_file: input/tsukuba_
output_file: output/chenergy_grsa_harf_tsukuba_0_7_6.bmp
label_size: 16
range_size: 6
lambda: 7
T: 36.00
Data term: Dt
Vpq(fp, fq) = (fp - fq)^2
Energy (before): 374524
Energy (after): 133600
Iteration: 36
Run time[148.07]
Error rate : 9.762912
----------------------------------------------
T : 49 候補区間: 0 --> 7
submodular subsets: 
1, (7) 0 1 2 3 4 5 6  end
2, (7) 6 7 8 9 10 11 12  end
3, (4) 12 13 14 15  end
4, (7) 3 4 5 6 7 8 9  end
----------------------------------------------
input_file: input/tsukuba_
output_file: output/chenergy_grsa_harf_tsukuba_0_7_7.bmp
label_size: 16
range_size: 7
lambda: 7
T: 49.00
Data term: Dt
Vpq(fp, fq) = (fp - fq)^2
Energy (before): 374524
Energy (after): 136643
Iteration: 15
Run time[72.80]
Error rate : 9.922960
----------------------------------------------
