T : 4 候補区間: 0 --> 2
total_ss_count = 120
----------------------------------------------
input_file: input/tsukuba_
output_file: output/tsukuba_5_2.bmp
label_size: 16
range_size: 2
lambda: 5
T: 4.00
Vpq(fp, fq) = (fp - fq)^2
height 288, width 384
Energy (before): 139094
Energy (after): 55700
Italation: 240
Run time[62.14]
Error rate : 19.631619
----------------------------------------------
T : 9 候補区間: 0 --> 3
total_ss_count = 94
----------------------------------------------
input_file: input/tsukuba_
output_file: output/tsukuba_5_3.bmp
label_size: 16
range_size: 3
lambda: 5
T: 9.00
Vpq(fp, fq) = (fp - fq)^2
height 288, width 384
Energy (before): 139094
Energy (after): 55373
Italation: 282
Run time[83.73]
Error rate : 21.149812
----------------------------------------------
T : 16 候補区間: 0 --> 4
total_ss_count = 86
----------------------------------------------
input_file: input/tsukuba_
output_file: output/tsukuba_5_4.bmp
label_size: 16
range_size: 4
lambda: 5
T: 16.00
Vpq(fp, fq) = (fp - fq)^2
height 288, width 384
Energy (before): 139094
Energy (after): 55468
Italation: 172
Run time[58.29]
Error rate : 21.037688
----------------------------------------------
T : 25 候補区間: 0 --> 5
total_ss_count = 80
----------------------------------------------
input_file: input/tsukuba_
output_file: output/tsukuba_5_5.bmp
label_size: 16
range_size: 5
lambda: 5
T: 25.00
Vpq(fp, fq) = (fp - fq)^2
height 288, width 384
Energy (before): 139094
Energy (after): 53621
Italation: 240
Run time[99.76]
Error rate : 20.375796
----------------------------------------------
T : 36 候補区間: 0 --> 6
T : 64 候補区間: 0 --> 8
total_ss_count = 64
----------------------------------------------
input_file: input/tsukuba_
output_file: output/tsukuba_5_8.bmp
label_size: 16
range_size: 8
lambda: 5
T: 64.00
Vpq(fp, fq) = (fp - fq)^2
height 288, width 384
Energy (before): 139094
Energy (after): 53981
Italation: 192
Run time[109.54]
Error rate : 18.358471
----------------------------------------------
